Analysis & Synthesis report for MIPS_Aula15
Thu Oct 28 15:54:30 2021
Quartus Prime Version 20.1.0 Build 711 06/05/2020 SJ Lite Edition


---------------------
; Table of Contents ;
---------------------
  1. Legal Notice
  2. Analysis & Synthesis Summary
  3. Analysis & Synthesis Settings
  4. Parallel Compilation
  5. Analysis & Synthesis Messages



----------------
; Legal Notice ;
----------------
Copyright (C) 2020  Intel Corporation. All rights reserved.
Your use of Intel Corporation's design tools, logic functions 
and other software and tools, and any partner logic 
functions, and any output files from any of the foregoing 
(including device programming or simulation files), and any 
associated documentation or information are expressly subject 
to the terms and conditions of the Intel Program License 
Subscription Agreement, the Intel Quartus Prime License Agreement,
the Intel FPGA IP License Agreement, or other applicable license
agreement, including, without limitation, that your use is for
the sole purpose of programming logic devices manufactured by
Intel and sold by Intel or its authorized distributors.  Please
refer to the applicable agreement for further details, at
https://fpgasoftware.intel.com/eula.



+---------------------------------------------------------------------------+
; Analysis & Synthesis Summary                                              ;
+-----------------------------+---------------------------------------------+
; Analysis & Synthesis Status ; Failed - Thu Oct 28 15:54:30 2021           ;
; Quartus Prime Version       ; 20.1.0 Build 711 06/05/2020 SJ Lite Edition ;
; Revision Name               ; MIPS_Aula15                                 ;
; Top-level Entity Name       ; MIPS_Aula15                                 ;
; Family                      ; Cyclone V                                   ;
; Logic utilization (in ALMs) ; N/A until Partition Merge                   ;
; Total registers             ; N/A until Partition Merge                   ;
; Total pins                  ; N/A until Partition Merge                   ;
; Total virtual pins          ; N/A until Partition Merge                   ;
; Total block memory bits     ; N/A until Partition Merge                   ;
; Total PLLs                  ; N/A until Partition Merge                   ;
; Total DLLs                  ; N/A until Partition Merge                   ;
+-----------------------------+---------------------------------------------+


+---------------------------------------------------------------------------------------------------------------------------+
; Analysis & Synthesis Settings                                                                                             ;
+---------------------------------------------------------------------------------+--------------------+--------------------+
; Option                                                                          ; Setting            ; Default Value      ;
+---------------------------------------------------------------------------------+--------------------+--------------------+
; Device                                                                          ; 5CEBA4F23C7        ;                    ;
; Top-level entity name                                                           ; MIPS_Aula15        ; MIPS_Aula15        ;
; Family name                                                                     ; Cyclone V          ; Cyclone V          ;
; Maximum processors allowed for parallel compilation                             ; All                ;                    ;
; VHDL Show LMF Mapping Messages                                                  ; Off                ;                    ;
; VHDL Version                                                                    ; VHDL_2008          ; VHDL_1993          ;
; Use smart compilation                                                           ; Off                ; Off                ;
; Enable parallel Assembler and Timing Analyzer during compilation                ; On                 ; On                 ;
; Enable compact report table                                                     ; Off                ; Off                ;
; Restructure Multiplexers                                                        ; Auto               ; Auto               ;
; MLAB Add Timing Constraints For Mixed-Port Feed-Through Mode Setting Don't Care ; Off                ; Off                ;
; Create Debugging Nodes for IP Cores                                             ; Off                ; Off                ;
; Preserve fewer node names                                                       ; On                 ; On                 ;
; Intel FPGA IP Evaluation Mode                                                   ; Enable             ; Enable             ;
; Verilog Version                                                                 ; Verilog_2001       ; Verilog_2001       ;
; State Machine Processing                                                        ; Auto               ; Auto               ;
; Safe State Machine                                                              ; Off                ; Off                ;
; Extract Verilog State Machines                                                  ; On                 ; On                 ;
; Extract VHDL State Machines                                                     ; On                 ; On                 ;
; Ignore Verilog initial constructs                                               ; Off                ; Off                ;
; Iteration limit for constant Verilog loops                                      ; 5000               ; 5000               ;
; Iteration limit for non-constant Verilog loops                                  ; 250                ; 250                ;
; Add Pass-Through Logic to Inferred RAMs                                         ; On                 ; On                 ;
; Infer RAMs from Raw Logic                                                       ; On                 ; On                 ;
; Parallel Synthesis                                                              ; On                 ; On                 ;
; DSP Block Balancing                                                             ; Auto               ; Auto               ;
; NOT Gate Push-Back                                                              ; On                 ; On                 ;
; Power-Up Don't Care                                                             ; On                 ; On                 ;
; Remove Redundant Logic Cells                                                    ; Off                ; Off                ;
; Remove Duplicate Registers                                                      ; On                 ; On                 ;
; Ignore CARRY Buffers                                                            ; Off                ; Off                ;
; Ignore CASCADE Buffers                                                          ; Off                ; Off                ;
; Ignore GLOBAL Buffers                                                           ; Off                ; Off                ;
; Ignore ROW GLOBAL Buffers                                                       ; Off                ; Off                ;
; Ignore LCELL Buffers                                                            ; Off                ; Off                ;
; Ignore SOFT Buffers                                                             ; On                 ; On                 ;
; Limit AHDL Integers to 32 Bits                                                  ; Off                ; Off                ;
; Optimization Technique                                                          ; Balanced           ; Balanced           ;
; Carry Chain Length                                                              ; 70                 ; 70                 ;
; Auto Carry Chains                                                               ; On                 ; On                 ;
; Auto Open-Drain Pins                                                            ; On                 ; On                 ;
; Perform WYSIWYG Primitive Resynthesis                                           ; Off                ; Off                ;
; Auto ROM Replacement                                                            ; On                 ; On                 ;
; Auto RAM Replacement                                                            ; On                 ; On                 ;
; Auto DSP Block Replacement                                                      ; On                 ; On                 ;
; Auto Shift Register Replacement                                                 ; Auto               ; Auto               ;
; Allow Shift Register Merging across Hierarchies                                 ; Auto               ; Auto               ;
; Auto Clock Enable Replacement                                                   ; On                 ; On                 ;
; Strict RAM Replacement                                                          ; Off                ; Off                ;
; Allow Synchronous Control Signals                                               ; On                 ; On                 ;
; Force Use of Synchronous Clear Signals                                          ; Off                ; Off                ;
; Auto Resource Sharing                                                           ; Off                ; Off                ;
; Allow Any RAM Size For Recognition                                              ; Off                ; Off                ;
; Allow Any ROM Size For Recognition                                              ; Off                ; Off                ;
; Allow Any Shift Register Size For Recognition                                   ; Off                ; Off                ;
; Use LogicLock Constraints during Resource Balancing                             ; On                 ; On                 ;
; Ignore translate_off and synthesis_off directives                               ; Off                ; Off                ;
; Timing-Driven Synthesis                                                         ; On                 ; On                 ;
; Report Parameter Settings                                                       ; On                 ; On                 ;
; Report Source Assignments                                                       ; On                 ; On                 ;
; Report Connectivity Checks                                                      ; On                 ; On                 ;
; Ignore Maximum Fan-Out Assignments                                              ; Off                ; Off                ;
; Synchronization Register Chain Length                                           ; 3                  ; 3                  ;
; Power Optimization During Synthesis                                             ; Normal compilation ; Normal compilation ;
; HDL message level                                                               ; Level2             ; Level2             ;
; Suppress Register Optimization Related Messages                                 ; Off                ; Off                ;
; Number of Removed Registers Reported in Synthesis Report                        ; 5000               ; 5000               ;
; Number of Swept Nodes Reported in Synthesis Report                              ; 5000               ; 5000               ;
; Number of Inverted Registers Reported in Synthesis Report                       ; 100                ; 100                ;
; Clock MUX Protection                                                            ; On                 ; On                 ;
; Auto Gated Clock Conversion                                                     ; Off                ; Off                ;
; Block Design Naming                                                             ; Auto               ; Auto               ;
; SDC constraint protection                                                       ; Off                ; Off                ;
; Synthesis Effort                                                                ; Auto               ; Auto               ;
; Shift Register Replacement - Allow Asynchronous Clear Signal                    ; On                 ; On                 ;
; Pre-Mapping Resynthesis Optimization                                            ; Off                ; Off                ;
; Analysis & Synthesis Message Level                                              ; Medium             ; Medium             ;
; Disable Register Merging Across Hierarchies                                     ; Auto               ; Auto               ;
; Resource Aware Inference For Block RAM                                          ; On                 ; On                 ;
; Automatic Parallel Synthesis                                                    ; On                 ; On                 ;
; Partial Reconfiguration Bitstream ID                                            ; Off                ; Off                ;
+---------------------------------------------------------------------------------+--------------------+--------------------+


+------------------------------------------+
; Parallel Compilation                     ;
+----------------------------+-------------+
; Processors                 ; Number      ;
+----------------------------+-------------+
; Number detected on machine ; 8           ;
; Maximum allowed            ; 4           ;
;                            ;             ;
; Average used               ; 1.00        ;
; Maximum used               ; 1           ;
;                            ;             ;
; Usage by Processor         ; % Time Used ;
;     Processor 1            ; 100.0%      ;
+----------------------------+-------------+


+-------------------------------+
; Analysis & Synthesis Messages ;
+-------------------------------+
Info: *******************************************************************
Info: Running Quartus Prime Analysis & Synthesis
    Info: Version 20.1.0 Build 711 06/05/2020 SJ Lite Edition
    Info: Processing started: Thu Oct 28 15:54:21 2021
Info: Command: quartus_map --read_settings_files=on --write_settings_files=off MIPS_Aula15 -c MIPS_Aula15
Info (20030): Parallel compilation is enabled and will use 4 of the 4 processors detected
Info (12021): Found 2 design units, including 1 entities, in source file somaConstante.vhd
    Info (12022): Found design unit 1: somaConstante-comportamento File: /home/antonio/Desktop/6_semestre/descomp/MIPS/MIPS_Aula15/somaConstante.vhd Line: 18
    Info (12023): Found entity 1: somaConstante File: /home/antonio/Desktop/6_semestre/descomp/MIPS/MIPS_Aula15/somaConstante.vhd Line: 5
Info (12021): Found 2 design units, including 1 entities, in source file somadorGenerico.vhd
    Info (12022): Found design unit 1: somadorGenerico-comportamento File: /home/antonio/Desktop/6_semestre/descomp/MIPS/MIPS_Aula15/somadorGenerico.vhd Line: 17
    Info (12023): Found entity 1: somadorGenerico File: /home/antonio/Desktop/6_semestre/descomp/MIPS/MIPS_Aula15/somadorGenerico.vhd Line: 5
Info (12021): Found 2 design units, including 1 entities, in source file ULA.vhd
    Info (12022): Found design unit 1: ULA-comportamento File: /home/antonio/Desktop/6_semestre/descomp/MIPS/MIPS_Aula15/ULA.vhd Line: 19
    Info (12023): Found entity 1: ULA File: /home/antonio/Desktop/6_semestre/descomp/MIPS/MIPS_Aula15/ULA.vhd Line: 5
Info (12021): Found 2 design units, including 1 entities, in source file ULASomaSub.vhd
    Info (12022): Found design unit 1: ULASomaSub-comportamento File: /home/antonio/Desktop/6_semestre/descomp/MIPS/MIPS_Aula15/ULASomaSub.vhd Line: 14
    Info (12023): Found entity 1: ULASomaSub File: /home/antonio/Desktop/6_semestre/descomp/MIPS/MIPS_Aula15/ULASomaSub.vhd Line: 5
Info (12021): Found 2 design units, including 1 entities, in source file ROM.vhd
    Info (12022): Found design unit 1: ROM-assincrona File: /home/antonio/Desktop/6_semestre/descomp/MIPS/MIPS_Aula15/ROM.vhd Line: 19
    Info (12023): Found entity 1: ROM File: /home/antonio/Desktop/6_semestre/descomp/MIPS/MIPS_Aula15/ROM.vhd Line: 6
Info (12021): Found 2 design units, including 1 entities, in source file registradorGenerico.vhd
    Info (12022): Found design unit 1: registradorGenerico-comportamento File: /home/antonio/Desktop/6_semestre/descomp/MIPS/MIPS_Aula15/registradorGenerico.vhd Line: 15
    Info (12023): Found entity 1: registradorGenerico File: /home/antonio/Desktop/6_semestre/descomp/MIPS/MIPS_Aula15/registradorGenerico.vhd Line: 4
Info (12021): Found 2 design units, including 1 entities, in source file RAM_MIPS.vhd
    Info (12022): Found design unit 1: RAM_MIPS-assincrona File: /home/antonio/Desktop/6_semestre/descomp/MIPS/MIPS_Aula15/RAM_MIPS.vhd Line: 19
    Info (12023): Found entity 1: RAM_MIPS File: /home/antonio/Desktop/6_semestre/descomp/MIPS/MIPS_Aula15/RAM_MIPS.vhd Line: 5
Info (12021): Found 2 design units, including 1 entities, in source file muxGenerico2x1.vhd
    Info (12022): Found design unit 1: muxGenerico2x1-comportamento File: /home/antonio/Desktop/6_semestre/descomp/MIPS/MIPS_Aula15/muxGenerico2x1.vhd Line: 14
    Info (12023): Found entity 1: muxGenerico2x1 File: /home/antonio/Desktop/6_semestre/descomp/MIPS/MIPS_Aula15/muxGenerico2x1.vhd Line: 4
Info (12021): Found 2 design units, including 1 entities, in source file estensorSinalGenerico.vhd
    Info (12022): Found design unit 1: estensorSinalGenerico-comportamento File: /home/antonio/Desktop/6_semestre/descomp/MIPS/MIPS_Aula15/estensorSinalGenerico.vhd Line: 18
    Info (12023): Found entity 1: estensorSinalGenerico File: /home/antonio/Desktop/6_semestre/descomp/MIPS/MIPS_Aula15/estensorSinalGenerico.vhd Line: 5
Info (12021): Found 2 design units, including 1 entities, in source file MIPS_Aula15.vhd
    Info (12022): Found design unit 1: MIPS_Aula15-arquitetura File: /home/antonio/Desktop/6_semestre/descomp/MIPS/MIPS_Aula15/MIPS_Aula15.vhd Line: 21
    Info (12023): Found entity 1: MIPS_Aula15 File: /home/antonio/Desktop/6_semestre/descomp/MIPS/MIPS_Aula15/MIPS_Aula15.vhd Line: 4
Info (12021): Found 2 design units, including 1 entities, in source file deslocadorSinal.vhd
    Info (12022): Found design unit 1: deslocadorSinal-componente File: /home/antonio/Desktop/6_semestre/descomp/MIPS/MIPS_Aula15/deslocadorSinal.vhd Line: 17
    Info (12023): Found entity 1: deslocadorSinal File: /home/antonio/Desktop/6_semestre/descomp/MIPS/MIPS_Aula15/deslocadorSinal.vhd Line: 6
Info (12021): Found 2 design units, including 1 entities, in source file Decoder.vhd
    Info (12022): Found design unit 1: Decoder-arch_name File: /home/antonio/Desktop/6_semestre/descomp/MIPS/MIPS_Aula15/Decoder.vhd Line: 12
    Info (12023): Found entity 1: Decoder File: /home/antonio/Desktop/6_semestre/descomp/MIPS/MIPS_Aula15/Decoder.vhd Line: 5
Info (12021): Found 2 design units, including 1 entities, in source file bancoRegistradores.vhd
    Info (12022): Found design unit 1: bancoRegistradores-comportamento File: /home/antonio/Desktop/6_semestre/descomp/MIPS/MIPS_Aula15/bancoRegistradores.vhd Line: 30
    Info (12023): Found entity 1: bancoRegistradores File: /home/antonio/Desktop/6_semestre/descomp/MIPS/MIPS_Aula15/bancoRegistradores.vhd Line: 7
Info (12021): Found 2 design units, including 1 entities, in source file deslocadorSinalJMP.vhd
    Info (12022): Found design unit 1: deslocadorSinalJMP-componente File: /home/antonio/Desktop/6_semestre/descomp/MIPS/MIPS_Aula15/deslocadorSinalJMP.vhd Line: 17
    Info (12023): Found entity 1: deslocadorSinalJMP File: /home/antonio/Desktop/6_semestre/descomp/MIPS/MIPS_Aula15/deslocadorSinalJMP.vhd Line: 5
Info (12127): Elaborating entity "MIPS_Aula15" for the top level hierarchy
Warning (10541): VHDL Signal Declaration warning at MIPS_Aula15.vhd(38): used implicit default value for signal "sel_MUX_JMP_BEQ" because signal was never assigned a value or an explicit default value. Use of implicit default value may introduce unintended design optimizations. File: /home/antonio/Desktop/6_semestre/descomp/MIPS/MIPS_Aula15/MIPS_Aula15.vhd Line: 38
Warning (10036): Verilog HDL or VHDL warning at MIPS_Aula15.vhd(55): object "saidaMuxULA" assigned a value but never read File: /home/antonio/Desktop/6_semestre/descomp/MIPS/MIPS_Aula15/MIPS_Aula15.vhd Line: 55
Error (10385): VHDL error at MIPS_Aula15.vhd(183): index value 7 is outside the range (6 downto 0) of object "Sinais_Controle" File: /home/antonio/Desktop/6_semestre/descomp/MIPS/MIPS_Aula15/MIPS_Aula15.vhd Line: 183
Error (12153): Can't elaborate top-level user hierarchy
Error: Quartus Prime Analysis & Synthesis was unsuccessful. 2 errors, 2 warnings
    Error: Peak virtual memory: 470 megabytes
    Error: Processing ended: Thu Oct 28 15:54:30 2021
    Error: Elapsed time: 00:00:09
    Error: Total CPU time (on all processors): 00:00:25


