Analysis & Synthesis report for MIPS_Aula16_ULA
Thu Nov  4 15:55:40 2021
Quartus Prime Version 20.1.0 Build 711 06/05/2020 SJ Lite Edition


---------------------
; Table of Contents ;
---------------------
  1. Legal Notice
  2. Analysis & Synthesis Summary
  3. Analysis & Synthesis Settings
  4. Parallel Compilation
  5. Analysis & Synthesis Source Files Read
  6. Analysis & Synthesis Resource Usage Summary
  7. Analysis & Synthesis Resource Utilization by Entity
  8. General Register Statistics
  9. Multiplexer Restructuring Statistics (Restructuring Performed)
 10. Parameter Settings for User Entity Instance: Top-level Entity: |MIPS_Aula16_ULA
 11. Port Connectivity Checks: "ULA_Overflow:ULA_31"
 12. Port Connectivity Checks: "ULA_31bits:ULA_30"
 13. Port Connectivity Checks: "ULA_31bits:ULA_29"
 14. Port Connectivity Checks: "ULA_31bits:ULA_28"
 15. Port Connectivity Checks: "ULA_31bits:ULA_26"
 16. Port Connectivity Checks: "ULA_31bits:ULA_25"
 17. Port Connectivity Checks: "ULA_31bits:ULA_24"
 18. Port Connectivity Checks: "ULA_31bits:ULA_23"
 19. Port Connectivity Checks: "ULA_31bits:ULA_22"
 20. Port Connectivity Checks: "ULA_31bits:ULA_21"
 21. Port Connectivity Checks: "ULA_31bits:ULA_20"
 22. Port Connectivity Checks: "ULA_31bits:ULA_19"
 23. Port Connectivity Checks: "ULA_31bits:ULA_17"
 24. Port Connectivity Checks: "ULA_31bits:ULA_16"
 25. Port Connectivity Checks: "ULA_31bits:ULA_15"
 26. Port Connectivity Checks: "ULA_31bits:ULA_14"
 27. Port Connectivity Checks: "ULA_31bits:ULA_13"
 28. Port Connectivity Checks: "ULA_31bits:ULA_12"
 29. Port Connectivity Checks: "ULA_31bits:ULA_11"
 30. Port Connectivity Checks: "ULA_31bits:ULA_10"
 31. Port Connectivity Checks: "ULA_31bits:ULA_8"
 32. Port Connectivity Checks: "ULA_31bits:ULA_7"
 33. Port Connectivity Checks: "ULA_31bits:ULA_6"
 34. Port Connectivity Checks: "ULA_31bits:ULA_5"
 35. Port Connectivity Checks: "ULA_31bits:ULA_4"
 36. Port Connectivity Checks: "ULA_31bits:ULA_3"
 37. Port Connectivity Checks: "ULA_31bits:ULA_2"
 38. Port Connectivity Checks: "ULA_31bits:ULA_1"
 39. Post-Synthesis Netlist Statistics for Top Partition
 40. Elapsed Time Per Partition
 41. Analysis & Synthesis Messages



----------------
; Legal Notice ;
----------------
Copyright (C) 2020  Intel Corporation. All rights reserved.
Your use of Intel Corporation's design tools, logic functions 
and other software and tools, and any partner logic 
functions, and any output files from any of the foregoing 
(including device programming or simulation files), and any 
associated documentation or information are expressly subject 
to the terms and conditions of the Intel Program License 
Subscription Agreement, the Intel Quartus Prime License Agreement,
the Intel FPGA IP License Agreement, or other applicable license
agreement, including, without limitation, that your use is for
the sole purpose of programming logic devices manufactured by
Intel and sold by Intel or its authorized distributors.  Please
refer to the applicable agreement for further details, at
https://fpgasoftware.intel.com/eula.



+-------------------------------------------------------------------------------+
; Analysis & Synthesis Summary                                                  ;
+---------------------------------+---------------------------------------------+
; Analysis & Synthesis Status     ; Successful - Thu Nov  4 15:55:40 2021       ;
; Quartus Prime Version           ; 20.1.0 Build 711 06/05/2020 SJ Lite Edition ;
; Revision Name                   ; MIPS_Aula16_ULA                             ;
; Top-level Entity Name           ; MIPS_Aula16_ULA                             ;
; Family                          ; Cyclone V                                   ;
; Logic utilization (in ALMs)     ; N/A                                         ;
; Total registers                 ; 0                                           ;
; Total pins                      ; 100                                         ;
; Total virtual pins              ; 0                                           ;
; Total block memory bits         ; 0                                           ;
; Total DSP Blocks                ; 0                                           ;
; Total HSSI RX PCSs              ; 0                                           ;
; Total HSSI PMA RX Deserializers ; 0                                           ;
; Total HSSI TX PCSs              ; 0                                           ;
; Total HSSI PMA TX Serializers   ; 0                                           ;
; Total PLLs                      ; 0                                           ;
; Total DLLs                      ; 0                                           ;
+---------------------------------+---------------------------------------------+


+---------------------------------------------------------------------------------------------------------------------------+
; Analysis & Synthesis Settings                                                                                             ;
+---------------------------------------------------------------------------------+--------------------+--------------------+
; Option                                                                          ; Setting            ; Default Value      ;
+---------------------------------------------------------------------------------+--------------------+--------------------+
; Device                                                                          ; 5CEBA4F23C7        ;                    ;
; Top-level entity name                                                           ; MIPS_Aula16_ULA    ; MIPS_Aula16_ULA    ;
; Family name                                                                     ; Cyclone V          ; Cyclone V          ;
; Maximum processors allowed for parallel compilation                             ; All                ;                    ;
; VHDL Show LMF Mapping Messages                                                  ; Off                ;                    ;
; VHDL Version                                                                    ; VHDL_2008          ; VHDL_1993          ;
; Use smart compilation                                                           ; Off                ; Off                ;
; Enable parallel Assembler and Timing Analyzer during compilation                ; On                 ; On                 ;
; Enable compact report table                                                     ; Off                ; Off                ;
; Restructure Multiplexers                                                        ; Auto               ; Auto               ;
; MLAB Add Timing Constraints For Mixed-Port Feed-Through Mode Setting Don't Care ; Off                ; Off                ;
; Create Debugging Nodes for IP Cores                                             ; Off                ; Off                ;
; Preserve fewer node names                                                       ; On                 ; On                 ;
; Intel FPGA IP Evaluation Mode                                                   ; Enable             ; Enable             ;
; Verilog Version                                                                 ; Verilog_2001       ; Verilog_2001       ;
; State Machine Processing                                                        ; Auto               ; Auto               ;
; Safe State Machine                                                              ; Off                ; Off                ;
; Extract Verilog State Machines                                                  ; On                 ; On                 ;
; Extract VHDL State Machines                                                     ; On                 ; On                 ;
; Ignore Verilog initial constructs                                               ; Off                ; Off                ;
; Iteration limit for constant Verilog loops                                      ; 5000               ; 5000               ;
; Iteration limit for non-constant Verilog loops                                  ; 250                ; 250                ;
; Add Pass-Through Logic to Inferred RAMs                                         ; On                 ; On                 ;
; Infer RAMs from Raw Logic                                                       ; On                 ; On                 ;
; Parallel Synthesis                                                              ; On                 ; On                 ;
; DSP Block Balancing                                                             ; Auto               ; Auto               ;
; NOT Gate Push-Back                                                              ; On                 ; On                 ;
; Power-Up Don't Care                                                             ; On                 ; On                 ;
; Remove Redundant Logic Cells                                                    ; Off                ; Off                ;
; Remove Duplicate Registers                                                      ; On                 ; On                 ;
; Ignore CARRY Buffers                                                            ; Off                ; Off                ;
; Ignore CASCADE Buffers                                                          ; Off                ; Off                ;
; Ignore GLOBAL Buffers                                                           ; Off                ; Off                ;
; Ignore ROW GLOBAL Buffers                                                       ; Off                ; Off                ;
; Ignore LCELL Buffers                                                            ; Off                ; Off                ;
; Ignore SOFT Buffers                                                             ; On                 ; On                 ;
; Limit AHDL Integers to 32 Bits                                                  ; Off                ; Off                ;
; Optimization Technique                                                          ; Balanced           ; Balanced           ;
; Carry Chain Length                                                              ; 70                 ; 70                 ;
; Auto Carry Chains                                                               ; On                 ; On                 ;
; Auto Open-Drain Pins                                                            ; On                 ; On                 ;
; Perform WYSIWYG Primitive Resynthesis                                           ; Off                ; Off                ;
; Auto ROM Replacement                                                            ; On                 ; On                 ;
; Auto RAM Replacement                                                            ; On                 ; On                 ;
; Auto DSP Block Replacement                                                      ; On                 ; On                 ;
; Auto Shift Register Replacement                                                 ; Auto               ; Auto               ;
; Allow Shift Register Merging across Hierarchies                                 ; Auto               ; Auto               ;
; Auto Clock Enable Replacement                                                   ; On                 ; On                 ;
; Strict RAM Replacement                                                          ; Off                ; Off                ;
; Allow Synchronous Control Signals                                               ; On                 ; On                 ;
; Force Use of Synchronous Clear Signals                                          ; Off                ; Off                ;
; Auto Resource Sharing                                                           ; Off                ; Off                ;
; Allow Any RAM Size For Recognition                                              ; Off                ; Off                ;
; Allow Any ROM Size For Recognition                                              ; Off                ; Off                ;
; Allow Any Shift Register Size For Recognition                                   ; Off                ; Off                ;
; Use LogicLock Constraints during Resource Balancing                             ; On                 ; On                 ;
; Ignore translate_off and synthesis_off directives                               ; Off                ; Off                ;
; Timing-Driven Synthesis                                                         ; On                 ; On                 ;
; Report Parameter Settings                                                       ; On                 ; On                 ;
; Report Source Assignments                                                       ; On                 ; On                 ;
; Report Connectivity Checks                                                      ; On                 ; On                 ;
; Ignore Maximum Fan-Out Assignments                                              ; Off                ; Off                ;
; Synchronization Register Chain Length                                           ; 3                  ; 3                  ;
; Power Optimization During Synthesis                                             ; Normal compilation ; Normal compilation ;
; HDL message level                                                               ; Level2             ; Level2             ;
; Suppress Register Optimization Related Messages                                 ; Off                ; Off                ;
; Number of Removed Registers Reported in Synthesis Report                        ; 5000               ; 5000               ;
; Number of Swept Nodes Reported in Synthesis Report                              ; 5000               ; 5000               ;
; Number of Inverted Registers Reported in Synthesis Report                       ; 100                ; 100                ;
; Clock MUX Protection                                                            ; On                 ; On                 ;
; Auto Gated Clock Conversion                                                     ; Off                ; Off                ;
; Block Design Naming                                                             ; Auto               ; Auto               ;
; SDC constraint protection                                                       ; Off                ; Off                ;
; Synthesis Effort                                                                ; Auto               ; Auto               ;
; Shift Register Replacement - Allow Asynchronous Clear Signal                    ; On                 ; On                 ;
; Pre-Mapping Resynthesis Optimization                                            ; Off                ; Off                ;
; Analysis & Synthesis Message Level                                              ; Medium             ; Medium             ;
; Disable Register Merging Across Hierarchies                                     ; Auto               ; Auto               ;
; Resource Aware Inference For Block RAM                                          ; On                 ; On                 ;
; Automatic Parallel Synthesis                                                    ; On                 ; On                 ;
; Partial Reconfiguration Bitstream ID                                            ; Off                ; Off                ;
+---------------------------------------------------------------------------------+--------------------+--------------------+


+------------------------------------------+
; Parallel Compilation                     ;
+----------------------------+-------------+
; Processors                 ; Number      ;
+----------------------------+-------------+
; Number detected on machine ; 8           ;
; Maximum allowed            ; 4           ;
;                            ;             ;
; Average used               ; 1.00        ;
; Maximum used               ; 1           ;
;                            ;             ;
; Usage by Processor         ; % Time Used ;
;     Processor 1            ; 100.0%      ;
+----------------------------+-------------+


+--------------------------------------------------------------------------------------------------------------------------------------------------------------------+
; Analysis & Synthesis Source Files Read                                                                                                                             ;
+----------------------------------+-----------------+-----------------+-----------------------------------------------------------------------------------+---------+
; File Name with User-Entered Path ; Used in Netlist ; File Type       ; File Name with Absolute Path                                                      ; Library ;
+----------------------------------+-----------------+-----------------+-----------------------------------------------------------------------------------+---------+
; muxGenerico4x1.vhd               ; yes             ; User VHDL File  ; /home/antonio/Desktop/6_semestre/descomp/MIPS/MIPS_Aula16_ULA/muxGenerico4x1.vhd  ;         ;
; muxGenerico2x1.vhd               ; yes             ; User VHDL File  ; /home/antonio/Desktop/6_semestre/descomp/MIPS/MIPS_Aula16_ULA/muxGenerico2x1.vhd  ;         ;
; somadorGenerico.vhd              ; yes             ; User VHDL File  ; /home/antonio/Desktop/6_semestre/descomp/MIPS/MIPS_Aula16_ULA/somadorGenerico.vhd ;         ;
; MIPS_Aula16_ULA.vhd              ; yes             ; User VHDL File  ; /home/antonio/Desktop/6_semestre/descomp/MIPS/MIPS_Aula16_ULA/MIPS_Aula16_ULA.vhd ;         ;
; ULA_31bits.vhd                   ; yes             ; User VHDL File  ; /home/antonio/Desktop/6_semestre/descomp/MIPS/MIPS_Aula16_ULA/ULA_31bits.vhd      ;         ;
; ULA_Overflow.vhd                 ; yes             ; User VHDL File  ; /home/antonio/Desktop/6_semestre/descomp/MIPS/MIPS_Aula16_ULA/ULA_Overflow.vhd    ;         ;
+----------------------------------+-----------------+-----------------+-----------------------------------------------------------------------------------+---------+


+--------------------------------------------------------------+
; Analysis & Synthesis Resource Usage Summary                  ;
+---------------------------------------------+----------------+
; Resource                                    ; Usage          ;
+---------------------------------------------+----------------+
; Estimate of Logic utilization (ALMs needed) ; 72             ;
;                                             ;                ;
; Combinational ALUT usage for logic          ; 116            ;
;     -- 7 input functions                    ; 1              ;
;     -- 6 input functions                    ; 26             ;
;     -- 5 input functions                    ; 27             ;
;     -- 4 input functions                    ; 10             ;
;     -- <=3 input functions                  ; 52             ;
;                                             ;                ;
; Dedicated logic registers                   ; 0              ;
;                                             ;                ;
; I/O pins                                    ; 100            ;
;                                             ;                ;
; Total DSP Blocks                            ; 0              ;
;                                             ;                ;
; Maximum fan-out node                        ; inverteB~input ;
; Maximum fan-out                             ; 38             ;
; Total fan-out                               ; 587            ;
; Average fan-out                             ; 1.86           ;
+---------------------------------------------+----------------+


+----------------------------------------------------------------------------------------------------------------------------------------------------------------------------------------------------------------------------------------------------+
; Analysis & Synthesis Resource Utilization by Entity                                                                                                                                                                                                ;
+--------------------------------------+---------------------+---------------------------+-------------------+------------+------+--------------+-------------------------------------------------------------------+-----------------+--------------+
; Compilation Hierarchy Node           ; Combinational ALUTs ; Dedicated Logic Registers ; Block Memory Bits ; DSP Blocks ; Pins ; Virtual Pins ; Full Hierarchy Name                                               ; Entity Name     ; Library Name ;
+--------------------------------------+---------------------+---------------------------+-------------------+------------+------+--------------+-------------------------------------------------------------------+-----------------+--------------+
; |MIPS_Aula16_ULA                     ; 116 (8)             ; 0 (0)                     ; 0                 ; 0          ; 100  ; 0            ; |MIPS_Aula16_ULA                                                  ; MIPS_Aula16_ULA ; work         ;
;    |ULA_31bits:ULA_0|                ; 2 (0)               ; 0 (0)                     ; 0                 ; 0          ; 0    ; 0            ; |MIPS_Aula16_ULA|ULA_31bits:ULA_0                                 ; ULA_31bits      ; work         ;
;       |muxGenerico4x1:MUX_Resultado| ; 1 (1)               ; 0 (0)                     ; 0                 ; 0          ; 0    ; 0            ; |MIPS_Aula16_ULA|ULA_31bits:ULA_0|muxGenerico4x1:MUX_Resultado    ; muxGenerico4x1  ; work         ;
;       |somadorGenerico:somadorMux|   ; 1 (1)               ; 0 (0)                     ; 0                 ; 0          ; 0    ; 0            ; |MIPS_Aula16_ULA|ULA_31bits:ULA_0|somadorGenerico:somadorMux      ; somadorGenerico ; work         ;
;    |ULA_31bits:ULA_10|               ; 3 (0)               ; 0 (0)                     ; 0                 ; 0          ; 0    ; 0            ; |MIPS_Aula16_ULA|ULA_31bits:ULA_10                                ; ULA_31bits      ; work         ;
;       |muxGenerico2x1:MUX_entradaB|  ; 1 (1)               ; 0 (0)                     ; 0                 ; 0          ; 0    ; 0            ; |MIPS_Aula16_ULA|ULA_31bits:ULA_10|muxGenerico2x1:MUX_entradaB    ; muxGenerico2x1  ; work         ;
;       |muxGenerico4x1:MUX_Resultado| ; 1 (1)               ; 0 (0)                     ; 0                 ; 0          ; 0    ; 0            ; |MIPS_Aula16_ULA|ULA_31bits:ULA_10|muxGenerico4x1:MUX_Resultado   ; muxGenerico4x1  ; work         ;
;       |somadorGenerico:somadorMux|   ; 1 (1)               ; 0 (0)                     ; 0                 ; 0          ; 0    ; 0            ; |MIPS_Aula16_ULA|ULA_31bits:ULA_10|somadorGenerico:somadorMux     ; somadorGenerico ; work         ;
;    |ULA_31bits:ULA_11|               ; 3 (0)               ; 0 (0)                     ; 0                 ; 0          ; 0    ; 0            ; |MIPS_Aula16_ULA|ULA_31bits:ULA_11                                ; ULA_31bits      ; work         ;
;       |muxGenerico2x1:MUX_entradaB|  ; 1 (1)               ; 0 (0)                     ; 0                 ; 0          ; 0    ; 0            ; |MIPS_Aula16_ULA|ULA_31bits:ULA_11|muxGenerico2x1:MUX_entradaB    ; muxGenerico2x1  ; work         ;
;       |muxGenerico4x1:MUX_Resultado| ; 1 (1)               ; 0 (0)                     ; 0                 ; 0          ; 0    ; 0            ; |MIPS_Aula16_ULA|ULA_31bits:ULA_11|muxGenerico4x1:MUX_Resultado   ; muxGenerico4x1  ; work         ;
;       |somadorGenerico:somadorMux|   ; 1 (1)               ; 0 (0)                     ; 0                 ; 0          ; 0    ; 0            ; |MIPS_Aula16_ULA|ULA_31bits:ULA_11|somadorGenerico:somadorMux     ; somadorGenerico ; work         ;
;    |ULA_31bits:ULA_12|               ; 3 (0)               ; 0 (0)                     ; 0                 ; 0          ; 0    ; 0            ; |MIPS_Aula16_ULA|ULA_31bits:ULA_12                                ; ULA_31bits      ; work         ;
;       |muxGenerico2x1:MUX_entradaB|  ; 1 (1)               ; 0 (0)                     ; 0                 ; 0          ; 0    ; 0            ; |MIPS_Aula16_ULA|ULA_31bits:ULA_12|muxGenerico2x1:MUX_entradaB    ; muxGenerico2x1  ; work         ;
;       |muxGenerico4x1:MUX_Resultado| ; 1 (1)               ; 0 (0)                     ; 0                 ; 0          ; 0    ; 0            ; |MIPS_Aula16_ULA|ULA_31bits:ULA_12|muxGenerico4x1:MUX_Resultado   ; muxGenerico4x1  ; work         ;
;       |somadorGenerico:somadorMux|   ; 1 (1)               ; 0 (0)                     ; 0                 ; 0          ; 0    ; 0            ; |MIPS_Aula16_ULA|ULA_31bits:ULA_12|somadorGenerico:somadorMux     ; somadorGenerico ; work         ;
;    |ULA_31bits:ULA_13|               ; 3 (0)               ; 0 (0)                     ; 0                 ; 0          ; 0    ; 0            ; |MIPS_Aula16_ULA|ULA_31bits:ULA_13                                ; ULA_31bits      ; work         ;
;       |muxGenerico2x1:MUX_entradaB|  ; 1 (1)               ; 0 (0)                     ; 0                 ; 0          ; 0    ; 0            ; |MIPS_Aula16_ULA|ULA_31bits:ULA_13|muxGenerico2x1:MUX_entradaB    ; muxGenerico2x1  ; work         ;
;       |muxGenerico4x1:MUX_Resultado| ; 1 (1)               ; 0 (0)                     ; 0                 ; 0          ; 0    ; 0            ; |MIPS_Aula16_ULA|ULA_31bits:ULA_13|muxGenerico4x1:MUX_Resultado   ; muxGenerico4x1  ; work         ;
;       |somadorGenerico:somadorMux|   ; 1 (1)               ; 0 (0)                     ; 0                 ; 0          ; 0    ; 0            ; |MIPS_Aula16_ULA|ULA_31bits:ULA_13|somadorGenerico:somadorMux     ; somadorGenerico ; work         ;
;    |ULA_31bits:ULA_14|               ; 5 (0)               ; 0 (0)                     ; 0                 ; 0          ; 0    ; 0            ; |MIPS_Aula16_ULA|ULA_31bits:ULA_14                                ; ULA_31bits      ; work         ;
;       |muxGenerico2x1:MUX_entradaB|  ; 1 (1)               ; 0 (0)                     ; 0                 ; 0          ; 0    ; 0            ; |MIPS_Aula16_ULA|ULA_31bits:ULA_14|muxGenerico2x1:MUX_entradaB    ; muxGenerico2x1  ; work         ;
;       |muxGenerico4x1:MUX_Resultado| ; 1 (1)               ; 0 (0)                     ; 0                 ; 0          ; 0    ; 0            ; |MIPS_Aula16_ULA|ULA_31bits:ULA_14|muxGenerico4x1:MUX_Resultado   ; muxGenerico4x1  ; work         ;
;       |somadorGenerico:somadorMux|   ; 3 (3)               ; 0 (0)                     ; 0                 ; 0          ; 0    ; 0            ; |MIPS_Aula16_ULA|ULA_31bits:ULA_14|somadorGenerico:somadorMux     ; somadorGenerico ; work         ;
;    |ULA_31bits:ULA_15|               ; 4 (0)               ; 0 (0)                     ; 0                 ; 0          ; 0    ; 0            ; |MIPS_Aula16_ULA|ULA_31bits:ULA_15                                ; ULA_31bits      ; work         ;
;       |muxGenerico2x1:MUX_entradaB|  ; 1 (1)               ; 0 (0)                     ; 0                 ; 0          ; 0    ; 0            ; |MIPS_Aula16_ULA|ULA_31bits:ULA_15|muxGenerico2x1:MUX_entradaB    ; muxGenerico2x1  ; work         ;
;       |muxGenerico4x1:MUX_Resultado| ; 2 (2)               ; 0 (0)                     ; 0                 ; 0          ; 0    ; 0            ; |MIPS_Aula16_ULA|ULA_31bits:ULA_15|muxGenerico4x1:MUX_Resultado   ; muxGenerico4x1  ; work         ;
;       |somadorGenerico:somadorMux|   ; 1 (1)               ; 0 (0)                     ; 0                 ; 0          ; 0    ; 0            ; |MIPS_Aula16_ULA|ULA_31bits:ULA_15|somadorGenerico:somadorMux     ; somadorGenerico ; work         ;
;    |ULA_31bits:ULA_16|               ; 3 (0)               ; 0 (0)                     ; 0                 ; 0          ; 0    ; 0            ; |MIPS_Aula16_ULA|ULA_31bits:ULA_16                                ; ULA_31bits      ; work         ;
;       |muxGenerico2x1:MUX_entradaB|  ; 1 (1)               ; 0 (0)                     ; 0                 ; 0          ; 0    ; 0            ; |MIPS_Aula16_ULA|ULA_31bits:ULA_16|muxGenerico2x1:MUX_entradaB    ; muxGenerico2x1  ; work         ;
;       |muxGenerico4x1:MUX_Resultado| ; 1 (1)               ; 0 (0)                     ; 0                 ; 0          ; 0    ; 0            ; |MIPS_Aula16_ULA|ULA_31bits:ULA_16|muxGenerico4x1:MUX_Resultado   ; muxGenerico4x1  ; work         ;
;       |somadorGenerico:somadorMux|   ; 1 (1)               ; 0 (0)                     ; 0                 ; 0          ; 0    ; 0            ; |MIPS_Aula16_ULA|ULA_31bits:ULA_16|somadorGenerico:somadorMux     ; somadorGenerico ; work         ;
;    |ULA_31bits:ULA_17|               ; 3 (0)               ; 0 (0)                     ; 0                 ; 0          ; 0    ; 0            ; |MIPS_Aula16_ULA|ULA_31bits:ULA_17                                ; ULA_31bits      ; work         ;
;       |muxGenerico2x1:MUX_entradaB|  ; 1 (1)               ; 0 (0)                     ; 0                 ; 0          ; 0    ; 0            ; |MIPS_Aula16_ULA|ULA_31bits:ULA_17|muxGenerico2x1:MUX_entradaB    ; muxGenerico2x1  ; work         ;
;       |muxGenerico4x1:MUX_Resultado| ; 1 (1)               ; 0 (0)                     ; 0                 ; 0          ; 0    ; 0            ; |MIPS_Aula16_ULA|ULA_31bits:ULA_17|muxGenerico4x1:MUX_Resultado   ; muxGenerico4x1  ; work         ;
;       |somadorGenerico:somadorMux|   ; 1 (1)               ; 0 (0)                     ; 0                 ; 0          ; 0    ; 0            ; |MIPS_Aula16_ULA|ULA_31bits:ULA_17|somadorGenerico:somadorMux     ; somadorGenerico ; work         ;
;    |ULA_31bits:ULA_18|               ; 3 (0)               ; 0 (0)                     ; 0                 ; 0          ; 0    ; 0            ; |MIPS_Aula16_ULA|ULA_31bits:ULA_18                                ; ULA_31bits      ; work         ;
;       |muxGenerico2x1:MUX_entradaB|  ; 1 (1)               ; 0 (0)                     ; 0                 ; 0          ; 0    ; 0            ; |MIPS_Aula16_ULA|ULA_31bits:ULA_18|muxGenerico2x1:MUX_entradaB    ; muxGenerico2x1  ; work         ;
;       |muxGenerico4x1:MUX_Resultado| ; 1 (1)               ; 0 (0)                     ; 0                 ; 0          ; 0    ; 0            ; |MIPS_Aula16_ULA|ULA_31bits:ULA_18|muxGenerico4x1:MUX_Resultado   ; muxGenerico4x1  ; work         ;
;       |somadorGenerico:somadorMux|   ; 1 (1)               ; 0 (0)                     ; 0                 ; 0          ; 0    ; 0            ; |MIPS_Aula16_ULA|ULA_31bits:ULA_18|somadorGenerico:somadorMux     ; somadorGenerico ; work         ;
;    |ULA_31bits:ULA_19|               ; 5 (0)               ; 0 (0)                     ; 0                 ; 0          ; 0    ; 0            ; |MIPS_Aula16_ULA|ULA_31bits:ULA_19                                ; ULA_31bits      ; work         ;
;       |muxGenerico2x1:MUX_entradaB|  ; 1 (1)               ; 0 (0)                     ; 0                 ; 0          ; 0    ; 0            ; |MIPS_Aula16_ULA|ULA_31bits:ULA_19|muxGenerico2x1:MUX_entradaB    ; muxGenerico2x1  ; work         ;
;       |muxGenerico4x1:MUX_Resultado| ; 1 (1)               ; 0 (0)                     ; 0                 ; 0          ; 0    ; 0            ; |MIPS_Aula16_ULA|ULA_31bits:ULA_19|muxGenerico4x1:MUX_Resultado   ; muxGenerico4x1  ; work         ;
;       |somadorGenerico:somadorMux|   ; 3 (3)               ; 0 (0)                     ; 0                 ; 0          ; 0    ; 0            ; |MIPS_Aula16_ULA|ULA_31bits:ULA_19|somadorGenerico:somadorMux     ; somadorGenerico ; work         ;
;    |ULA_31bits:ULA_1|                ; 2 (0)               ; 0 (0)                     ; 0                 ; 0          ; 0    ; 0            ; |MIPS_Aula16_ULA|ULA_31bits:ULA_1                                 ; ULA_31bits      ; work         ;
;       |muxGenerico4x1:MUX_Resultado| ; 1 (1)               ; 0 (0)                     ; 0                 ; 0          ; 0    ; 0            ; |MIPS_Aula16_ULA|ULA_31bits:ULA_1|muxGenerico4x1:MUX_Resultado    ; muxGenerico4x1  ; work         ;
;       |somadorGenerico:somadorMux|   ; 1 (1)               ; 0 (0)                     ; 0                 ; 0          ; 0    ; 0            ; |MIPS_Aula16_ULA|ULA_31bits:ULA_1|somadorGenerico:somadorMux      ; somadorGenerico ; work         ;
;    |ULA_31bits:ULA_20|               ; 3 (0)               ; 0 (0)                     ; 0                 ; 0          ; 0    ; 0            ; |MIPS_Aula16_ULA|ULA_31bits:ULA_20                                ; ULA_31bits      ; work         ;
;       |muxGenerico2x1:MUX_entradaB|  ; 1 (1)               ; 0 (0)                     ; 0                 ; 0          ; 0    ; 0            ; |MIPS_Aula16_ULA|ULA_31bits:ULA_20|muxGenerico2x1:MUX_entradaB    ; muxGenerico2x1  ; work         ;
;       |muxGenerico4x1:MUX_Resultado| ; 1 (1)               ; 0 (0)                     ; 0                 ; 0          ; 0    ; 0            ; |MIPS_Aula16_ULA|ULA_31bits:ULA_20|muxGenerico4x1:MUX_Resultado   ; muxGenerico4x1  ; work         ;
;       |somadorGenerico:somadorMux|   ; 1 (1)               ; 0 (0)                     ; 0                 ; 0          ; 0    ; 0            ; |MIPS_Aula16_ULA|ULA_31bits:ULA_20|somadorGenerico:somadorMux     ; somadorGenerico ; work         ;
;    |ULA_31bits:ULA_21|               ; 3 (0)               ; 0 (0)                     ; 0                 ; 0          ; 0    ; 0            ; |MIPS_Aula16_ULA|ULA_31bits:ULA_21                                ; ULA_31bits      ; work         ;
;       |muxGenerico2x1:MUX_entradaB|  ; 1 (1)               ; 0 (0)                     ; 0                 ; 0          ; 0    ; 0            ; |MIPS_Aula16_ULA|ULA_31bits:ULA_21|muxGenerico2x1:MUX_entradaB    ; muxGenerico2x1  ; work         ;
;       |muxGenerico4x1:MUX_Resultado| ; 1 (1)               ; 0 (0)                     ; 0                 ; 0          ; 0    ; 0            ; |MIPS_Aula16_ULA|ULA_31bits:ULA_21|muxGenerico4x1:MUX_Resultado   ; muxGenerico4x1  ; work         ;
;       |somadorGenerico:somadorMux|   ; 1 (1)               ; 0 (0)                     ; 0                 ; 0          ; 0    ; 0            ; |MIPS_Aula16_ULA|ULA_31bits:ULA_21|somadorGenerico:somadorMux     ; somadorGenerico ; work         ;
;    |ULA_31bits:ULA_22|               ; 2 (0)               ; 0 (0)                     ; 0                 ; 0          ; 0    ; 0            ; |MIPS_Aula16_ULA|ULA_31bits:ULA_22                                ; ULA_31bits      ; work         ;
;       |muxGenerico2x1:MUX_entradaB|  ; 1 (1)               ; 0 (0)                     ; 0                 ; 0          ; 0    ; 0            ; |MIPS_Aula16_ULA|ULA_31bits:ULA_22|muxGenerico2x1:MUX_entradaB    ; muxGenerico2x1  ; work         ;
;       |muxGenerico4x1:MUX_Resultado| ; 1 (1)               ; 0 (0)                     ; 0                 ; 0          ; 0    ; 0            ; |MIPS_Aula16_ULA|ULA_31bits:ULA_22|muxGenerico4x1:MUX_Resultado   ; muxGenerico4x1  ; work         ;
;    |ULA_31bits:ULA_23|               ; 5 (0)               ; 0 (0)                     ; 0                 ; 0          ; 0    ; 0            ; |MIPS_Aula16_ULA|ULA_31bits:ULA_23                                ; ULA_31bits      ; work         ;
;       |muxGenerico2x1:MUX_entradaB|  ; 1 (1)               ; 0 (0)                     ; 0                 ; 0          ; 0    ; 0            ; |MIPS_Aula16_ULA|ULA_31bits:ULA_23|muxGenerico2x1:MUX_entradaB    ; muxGenerico2x1  ; work         ;
;       |muxGenerico4x1:MUX_Resultado| ; 2 (2)               ; 0 (0)                     ; 0                 ; 0          ; 0    ; 0            ; |MIPS_Aula16_ULA|ULA_31bits:ULA_23|muxGenerico4x1:MUX_Resultado   ; muxGenerico4x1  ; work         ;
;       |somadorGenerico:somadorMux|   ; 2 (2)               ; 0 (0)                     ; 0                 ; 0          ; 0    ; 0            ; |MIPS_Aula16_ULA|ULA_31bits:ULA_23|somadorGenerico:somadorMux     ; somadorGenerico ; work         ;
;    |ULA_31bits:ULA_24|               ; 5 (0)               ; 0 (0)                     ; 0                 ; 0          ; 0    ; 0            ; |MIPS_Aula16_ULA|ULA_31bits:ULA_24                                ; ULA_31bits      ; work         ;
;       |muxGenerico2x1:MUX_entradaB|  ; 1 (1)               ; 0 (0)                     ; 0                 ; 0          ; 0    ; 0            ; |MIPS_Aula16_ULA|ULA_31bits:ULA_24|muxGenerico2x1:MUX_entradaB    ; muxGenerico2x1  ; work         ;
;       |muxGenerico4x1:MUX_Resultado| ; 1 (1)               ; 0 (0)                     ; 0                 ; 0          ; 0    ; 0            ; |MIPS_Aula16_ULA|ULA_31bits:ULA_24|muxGenerico4x1:MUX_Resultado   ; muxGenerico4x1  ; work         ;
;       |somadorGenerico:somadorMux|   ; 3 (3)               ; 0 (0)                     ; 0                 ; 0          ; 0    ; 0            ; |MIPS_Aula16_ULA|ULA_31bits:ULA_24|somadorGenerico:somadorMux     ; somadorGenerico ; work         ;
;    |ULA_31bits:ULA_25|               ; 3 (0)               ; 0 (0)                     ; 0                 ; 0          ; 0    ; 0            ; |MIPS_Aula16_ULA|ULA_31bits:ULA_25                                ; ULA_31bits      ; work         ;
;       |muxGenerico2x1:MUX_entradaB|  ; 1 (1)               ; 0 (0)                     ; 0                 ; 0          ; 0    ; 0            ; |MIPS_Aula16_ULA|ULA_31bits:ULA_25|muxGenerico2x1:MUX_entradaB    ; muxGenerico2x1  ; work         ;
;       |muxGenerico4x1:MUX_Resultado| ; 1 (1)               ; 0 (0)                     ; 0                 ; 0          ; 0    ; 0            ; |MIPS_Aula16_ULA|ULA_31bits:ULA_25|muxGenerico4x1:MUX_Resultado   ; muxGenerico4x1  ; work         ;
;       |somadorGenerico:somadorMux|   ; 1 (1)               ; 0 (0)                     ; 0                 ; 0          ; 0    ; 0            ; |MIPS_Aula16_ULA|ULA_31bits:ULA_25|somadorGenerico:somadorMux     ; somadorGenerico ; work         ;
;    |ULA_31bits:ULA_26|               ; 3 (0)               ; 0 (0)                     ; 0                 ; 0          ; 0    ; 0            ; |MIPS_Aula16_ULA|ULA_31bits:ULA_26                                ; ULA_31bits      ; work         ;
;       |muxGenerico2x1:MUX_entradaB|  ; 1 (1)               ; 0 (0)                     ; 0                 ; 0          ; 0    ; 0            ; |MIPS_Aula16_ULA|ULA_31bits:ULA_26|muxGenerico2x1:MUX_entradaB    ; muxGenerico2x1  ; work         ;
;       |muxGenerico4x1:MUX_Resultado| ; 1 (1)               ; 0 (0)                     ; 0                 ; 0          ; 0    ; 0            ; |MIPS_Aula16_ULA|ULA_31bits:ULA_26|muxGenerico4x1:MUX_Resultado   ; muxGenerico4x1  ; work         ;
;       |somadorGenerico:somadorMux|   ; 1 (1)               ; 0 (0)                     ; 0                 ; 0          ; 0    ; 0            ; |MIPS_Aula16_ULA|ULA_31bits:ULA_26|somadorGenerico:somadorMux     ; somadorGenerico ; work         ;
;    |ULA_31bits:ULA_27|               ; 2 (0)               ; 0 (0)                     ; 0                 ; 0          ; 0    ; 0            ; |MIPS_Aula16_ULA|ULA_31bits:ULA_27                                ; ULA_31bits      ; work         ;
;       |muxGenerico2x1:MUX_entradaB|  ; 1 (1)               ; 0 (0)                     ; 0                 ; 0          ; 0    ; 0            ; |MIPS_Aula16_ULA|ULA_31bits:ULA_27|muxGenerico2x1:MUX_entradaB    ; muxGenerico2x1  ; work         ;
;       |muxGenerico4x1:MUX_Resultado| ; 1 (1)               ; 0 (0)                     ; 0                 ; 0          ; 0    ; 0            ; |MIPS_Aula16_ULA|ULA_31bits:ULA_27|muxGenerico4x1:MUX_Resultado   ; muxGenerico4x1  ; work         ;
;    |ULA_31bits:ULA_28|               ; 5 (0)               ; 0 (0)                     ; 0                 ; 0          ; 0    ; 0            ; |MIPS_Aula16_ULA|ULA_31bits:ULA_28                                ; ULA_31bits      ; work         ;
;       |muxGenerico2x1:MUX_entradaB|  ; 1 (1)               ; 0 (0)                     ; 0                 ; 0          ; 0    ; 0            ; |MIPS_Aula16_ULA|ULA_31bits:ULA_28|muxGenerico2x1:MUX_entradaB    ; muxGenerico2x1  ; work         ;
;       |muxGenerico4x1:MUX_Resultado| ; 2 (2)               ; 0 (0)                     ; 0                 ; 0          ; 0    ; 0            ; |MIPS_Aula16_ULA|ULA_31bits:ULA_28|muxGenerico4x1:MUX_Resultado   ; muxGenerico4x1  ; work         ;
;       |somadorGenerico:somadorMux|   ; 2 (2)               ; 0 (0)                     ; 0                 ; 0          ; 0    ; 0            ; |MIPS_Aula16_ULA|ULA_31bits:ULA_28|somadorGenerico:somadorMux     ; somadorGenerico ; work         ;
;    |ULA_31bits:ULA_29|               ; 5 (0)               ; 0 (0)                     ; 0                 ; 0          ; 0    ; 0            ; |MIPS_Aula16_ULA|ULA_31bits:ULA_29                                ; ULA_31bits      ; work         ;
;       |muxGenerico2x1:MUX_entradaB|  ; 1 (1)               ; 0 (0)                     ; 0                 ; 0          ; 0    ; 0            ; |MIPS_Aula16_ULA|ULA_31bits:ULA_29|muxGenerico2x1:MUX_entradaB    ; muxGenerico2x1  ; work         ;
;       |muxGenerico4x1:MUX_Resultado| ; 1 (1)               ; 0 (0)                     ; 0                 ; 0          ; 0    ; 0            ; |MIPS_Aula16_ULA|ULA_31bits:ULA_29|muxGenerico4x1:MUX_Resultado   ; muxGenerico4x1  ; work         ;
;       |somadorGenerico:somadorMux|   ; 3 (3)               ; 0 (0)                     ; 0                 ; 0          ; 0    ; 0            ; |MIPS_Aula16_ULA|ULA_31bits:ULA_29|somadorGenerico:somadorMux     ; somadorGenerico ; work         ;
;    |ULA_31bits:ULA_2|                ; 3 (0)               ; 0 (0)                     ; 0                 ; 0          ; 0    ; 0            ; |MIPS_Aula16_ULA|ULA_31bits:ULA_2                                 ; ULA_31bits      ; work         ;
;       |muxGenerico2x1:MUX_entradaB|  ; 1 (1)               ; 0 (0)                     ; 0                 ; 0          ; 0    ; 0            ; |MIPS_Aula16_ULA|ULA_31bits:ULA_2|muxGenerico2x1:MUX_entradaB     ; muxGenerico2x1  ; work         ;
;       |muxGenerico4x1:MUX_Resultado| ; 1 (1)               ; 0 (0)                     ; 0                 ; 0          ; 0    ; 0            ; |MIPS_Aula16_ULA|ULA_31bits:ULA_2|muxGenerico4x1:MUX_Resultado    ; muxGenerico4x1  ; work         ;
;       |somadorGenerico:somadorMux|   ; 1 (1)               ; 0 (0)                     ; 0                 ; 0          ; 0    ; 0            ; |MIPS_Aula16_ULA|ULA_31bits:ULA_2|somadorGenerico:somadorMux      ; somadorGenerico ; work         ;
;    |ULA_31bits:ULA_30|               ; 3 (0)               ; 0 (0)                     ; 0                 ; 0          ; 0    ; 0            ; |MIPS_Aula16_ULA|ULA_31bits:ULA_30                                ; ULA_31bits      ; work         ;
;       |muxGenerico2x1:MUX_entradaB|  ; 1 (1)               ; 0 (0)                     ; 0                 ; 0          ; 0    ; 0            ; |MIPS_Aula16_ULA|ULA_31bits:ULA_30|muxGenerico2x1:MUX_entradaB    ; muxGenerico2x1  ; work         ;
;       |muxGenerico4x1:MUX_Resultado| ; 1 (1)               ; 0 (0)                     ; 0                 ; 0          ; 0    ; 0            ; |MIPS_Aula16_ULA|ULA_31bits:ULA_30|muxGenerico4x1:MUX_Resultado   ; muxGenerico4x1  ; work         ;
;       |somadorGenerico:somadorMux|   ; 1 (1)               ; 0 (0)                     ; 0                 ; 0          ; 0    ; 0            ; |MIPS_Aula16_ULA|ULA_31bits:ULA_30|somadorGenerico:somadorMux     ; somadorGenerico ; work         ;
;    |ULA_31bits:ULA_3|                ; 3 (0)               ; 0 (0)                     ; 0                 ; 0          ; 0    ; 0            ; |MIPS_Aula16_ULA|ULA_31bits:ULA_3                                 ; ULA_31bits      ; work         ;
;       |muxGenerico2x1:MUX_entradaB|  ; 1 (1)               ; 0 (0)                     ; 0                 ; 0          ; 0    ; 0            ; |MIPS_Aula16_ULA|ULA_31bits:ULA_3|muxGenerico2x1:MUX_entradaB     ; muxGenerico2x1  ; work         ;
;       |muxGenerico4x1:MUX_Resultado| ; 1 (1)               ; 0 (0)                     ; 0                 ; 0          ; 0    ; 0            ; |MIPS_Aula16_ULA|ULA_31bits:ULA_3|muxGenerico4x1:MUX_Resultado    ; muxGenerico4x1  ; work         ;
;       |somadorGenerico:somadorMux|   ; 1 (1)               ; 0 (0)                     ; 0                 ; 0          ; 0    ; 0            ; |MIPS_Aula16_ULA|ULA_31bits:ULA_3|somadorGenerico:somadorMux      ; somadorGenerico ; work         ;
;    |ULA_31bits:ULA_4|                ; 5 (0)               ; 0 (0)                     ; 0                 ; 0          ; 0    ; 0            ; |MIPS_Aula16_ULA|ULA_31bits:ULA_4                                 ; ULA_31bits      ; work         ;
;       |muxGenerico4x1:MUX_Resultado| ; 1 (1)               ; 0 (0)                     ; 0                 ; 0          ; 0    ; 0            ; |MIPS_Aula16_ULA|ULA_31bits:ULA_4|muxGenerico4x1:MUX_Resultado    ; muxGenerico4x1  ; work         ;
;       |somadorGenerico:somadorMux|   ; 4 (4)               ; 0 (0)                     ; 0                 ; 0          ; 0    ; 0            ; |MIPS_Aula16_ULA|ULA_31bits:ULA_4|somadorGenerico:somadorMux      ; somadorGenerico ; work         ;
;    |ULA_31bits:ULA_5|                ; 3 (0)               ; 0 (0)                     ; 0                 ; 0          ; 0    ; 0            ; |MIPS_Aula16_ULA|ULA_31bits:ULA_5                                 ; ULA_31bits      ; work         ;
;       |muxGenerico2x1:MUX_entradaB|  ; 1 (1)               ; 0 (0)                     ; 0                 ; 0          ; 0    ; 0            ; |MIPS_Aula16_ULA|ULA_31bits:ULA_5|muxGenerico2x1:MUX_entradaB     ; muxGenerico2x1  ; work         ;
;       |muxGenerico4x1:MUX_Resultado| ; 1 (1)               ; 0 (0)                     ; 0                 ; 0          ; 0    ; 0            ; |MIPS_Aula16_ULA|ULA_31bits:ULA_5|muxGenerico4x1:MUX_Resultado    ; muxGenerico4x1  ; work         ;
;       |somadorGenerico:somadorMux|   ; 1 (1)               ; 0 (0)                     ; 0                 ; 0          ; 0    ; 0            ; |MIPS_Aula16_ULA|ULA_31bits:ULA_5|somadorGenerico:somadorMux      ; somadorGenerico ; work         ;
;    |ULA_31bits:ULA_6|                ; 3 (0)               ; 0 (0)                     ; 0                 ; 0          ; 0    ; 0            ; |MIPS_Aula16_ULA|ULA_31bits:ULA_6                                 ; ULA_31bits      ; work         ;
;       |muxGenerico2x1:MUX_entradaB|  ; 1 (1)               ; 0 (0)                     ; 0                 ; 0          ; 0    ; 0            ; |MIPS_Aula16_ULA|ULA_31bits:ULA_6|muxGenerico2x1:MUX_entradaB     ; muxGenerico2x1  ; work         ;
;       |muxGenerico4x1:MUX_Resultado| ; 1 (1)               ; 0 (0)                     ; 0                 ; 0          ; 0    ; 0            ; |MIPS_Aula16_ULA|ULA_31bits:ULA_6|muxGenerico4x1:MUX_Resultado    ; muxGenerico4x1  ; work         ;
;       |somadorGenerico:somadorMux|   ; 1 (1)               ; 0 (0)                     ; 0                 ; 0          ; 0    ; 0            ; |MIPS_Aula16_ULA|ULA_31bits:ULA_6|somadorGenerico:somadorMux      ; somadorGenerico ; work         ;
;    |ULA_31bits:ULA_7|                ; 3 (0)               ; 0 (0)                     ; 0                 ; 0          ; 0    ; 0            ; |MIPS_Aula16_ULA|ULA_31bits:ULA_7                                 ; ULA_31bits      ; work         ;
;       |muxGenerico2x1:MUX_entradaB|  ; 1 (1)               ; 0 (0)                     ; 0                 ; 0          ; 0    ; 0            ; |MIPS_Aula16_ULA|ULA_31bits:ULA_7|muxGenerico2x1:MUX_entradaB     ; muxGenerico2x1  ; work         ;
;       |muxGenerico4x1:MUX_Resultado| ; 1 (1)               ; 0 (0)                     ; 0                 ; 0          ; 0    ; 0            ; |MIPS_Aula16_ULA|ULA_31bits:ULA_7|muxGenerico4x1:MUX_Resultado    ; muxGenerico4x1  ; work         ;
;       |somadorGenerico:somadorMux|   ; 1 (1)               ; 0 (0)                     ; 0                 ; 0          ; 0    ; 0            ; |MIPS_Aula16_ULA|ULA_31bits:ULA_7|somadorGenerico:somadorMux      ; somadorGenerico ; work         ;
;    |ULA_31bits:ULA_8|                ; 3 (0)               ; 0 (0)                     ; 0                 ; 0          ; 0    ; 0            ; |MIPS_Aula16_ULA|ULA_31bits:ULA_8                                 ; ULA_31bits      ; work         ;
;       |muxGenerico2x1:MUX_entradaB|  ; 1 (1)               ; 0 (0)                     ; 0                 ; 0          ; 0    ; 0            ; |MIPS_Aula16_ULA|ULA_31bits:ULA_8|muxGenerico2x1:MUX_entradaB     ; muxGenerico2x1  ; work         ;
;       |muxGenerico4x1:MUX_Resultado| ; 1 (1)               ; 0 (0)                     ; 0                 ; 0          ; 0    ; 0            ; |MIPS_Aula16_ULA|ULA_31bits:ULA_8|muxGenerico4x1:MUX_Resultado    ; muxGenerico4x1  ; work         ;
;       |somadorGenerico:somadorMux|   ; 1 (1)               ; 0 (0)                     ; 0                 ; 0          ; 0    ; 0            ; |MIPS_Aula16_ULA|ULA_31bits:ULA_8|somadorGenerico:somadorMux      ; somadorGenerico ; work         ;
;    |ULA_31bits:ULA_9|                ; 4 (0)               ; 0 (0)                     ; 0                 ; 0          ; 0    ; 0            ; |MIPS_Aula16_ULA|ULA_31bits:ULA_9                                 ; ULA_31bits      ; work         ;
;       |muxGenerico4x1:MUX_Resultado| ; 1 (1)               ; 0 (0)                     ; 0                 ; 0          ; 0    ; 0            ; |MIPS_Aula16_ULA|ULA_31bits:ULA_9|muxGenerico4x1:MUX_Resultado    ; muxGenerico4x1  ; work         ;
;       |somadorGenerico:somadorMux|   ; 3 (3)               ; 0 (0)                     ; 0                 ; 0          ; 0    ; 0            ; |MIPS_Aula16_ULA|ULA_31bits:ULA_9|somadorGenerico:somadorMux      ; somadorGenerico ; work         ;
;    |ULA_Overflow:ULA_31|             ; 3 (1)               ; 0 (0)                     ; 0                 ; 0          ; 0    ; 0            ; |MIPS_Aula16_ULA|ULA_Overflow:ULA_31                              ; ULA_Overflow    ; work         ;
;       |muxGenerico2x1:MUX_entradaB|  ; 1 (1)               ; 0 (0)                     ; 0                 ; 0          ; 0    ; 0            ; |MIPS_Aula16_ULA|ULA_Overflow:ULA_31|muxGenerico2x1:MUX_entradaB  ; muxGenerico2x1  ; work         ;
;       |muxGenerico4x1:MUX_Resultado| ; 1 (1)               ; 0 (0)                     ; 0                 ; 0          ; 0    ; 0            ; |MIPS_Aula16_ULA|ULA_Overflow:ULA_31|muxGenerico4x1:MUX_Resultado ; muxGenerico4x1  ; work         ;
+--------------------------------------+---------------------+---------------------------+-------------------+------------+------+--------------+-------------------------------------------------------------------+-----------------+--------------+
Note: For table entries with two numbers listed, the numbers in parentheses indicate the number of resources of the given type used by the specific entity alone. The numbers listed outside of parentheses indicate the total resources of the given type used by the specific entity and all of its sub-entities in the hierarchy.


+------------------------------------------------------+
; General Register Statistics                          ;
+----------------------------------------------+-------+
; Statistic                                    ; Value ;
+----------------------------------------------+-------+
; Total registers                              ; 0     ;
; Number of registers using Synchronous Clear  ; 0     ;
; Number of registers using Synchronous Load   ; 0     ;
; Number of registers using Asynchronous Clear ; 0     ;
; Number of registers using Asynchronous Load  ; 0     ;
; Number of registers using Clock Enable       ; 0     ;
; Number of registers using Preset             ; 0     ;
+----------------------------------------------+-------+


+-----------------------------------------------------------------------------------------------------------------------------------------------------------------------------------------+
; Multiplexer Restructuring Statistics (Restructuring Performed)                                                                                                                          ;
+--------------------+-----------+---------------+----------------------+------------------------+------------+---------------------------------------------------------------------------+
; Multiplexer Inputs ; Bus Width ; Baseline Area ; Area if Restructured ; Saving if Restructured ; Registered ; Example Multiplexer Output                                                ;
+--------------------+-----------+---------------+----------------------+------------------------+------------+---------------------------------------------------------------------------+
; 4:1                ; 28 bits   ; 56 LEs        ; 56 LEs               ; 0 LEs                  ; No         ; |MIPS_Aula16_ULA|ULA_31bits:ULA_15|muxGenerico4x1:MUX_Resultado|saida_MUX ;
; 4:1                ; 4 bits    ; 8 LEs         ; 8 LEs                ; 0 LEs                  ; No         ; |MIPS_Aula16_ULA|ULA_31bits:ULA_9|muxGenerico4x1:MUX_Resultado|saida_MUX  ;
+--------------------+-----------+---------------+----------------------+------------------------+------------+---------------------------------------------------------------------------+


+---------------------------------------------------------------------------------+
; Parameter Settings for User Entity Instance: Top-level Entity: |MIPS_Aula16_ULA ;
+----------------+-------+--------------------------------------------------------+
; Parameter Name ; Value ; Type                                                   ;
+----------------+-------+--------------------------------------------------------+
; larguraDados   ; 32    ; Signed Integer                                         ;
+----------------+-------+--------------------------------------------------------+
Note: In order to hide this table in the UI and the text report file, please set the "Show Parameter Settings in Synthesis Report" option in "Analysis and Synthesis Settings -> More Settings" to "Off".


+--------------------------------------------------------------------------------------------------------------------+
; Port Connectivity Checks: "ULA_Overflow:ULA_31"                                                                    ;
+----------+--------+----------+-------------------------------------------------------------------------------------+
; Port     ; Type   ; Severity ; Details                                                                             ;
+----------+--------+----------+-------------------------------------------------------------------------------------+
; less     ; Input  ; Info     ; Stuck at GND                                                                        ;
; carryout ; Output ; Info     ; Connected to dangling logic. Logic that only feeds a dangling port will be removed. ;
; overflow ; Output ; Info     ; Connected to dangling logic. Logic that only feeds a dangling port will be removed. ;
+----------+--------+----------+-------------------------------------------------------------------------------------+


+-----------------------------------------------+
; Port Connectivity Checks: "ULA_31bits:ULA_30" ;
+------+-------+----------+---------------------+
; Port ; Type  ; Severity ; Details             ;
+------+-------+----------+---------------------+
; less ; Input ; Info     ; Stuck at GND        ;
+------+-------+----------+---------------------+


+-----------------------------------------------+
; Port Connectivity Checks: "ULA_31bits:ULA_29" ;
+------+-------+----------+---------------------+
; Port ; Type  ; Severity ; Details             ;
+------+-------+----------+---------------------+
; less ; Input ; Info     ; Stuck at GND        ;
+------+-------+----------+---------------------+


+-----------------------------------------------+
; Port Connectivity Checks: "ULA_31bits:ULA_28" ;
+------+-------+----------+---------------------+
; Port ; Type  ; Severity ; Details             ;
+------+-------+----------+---------------------+
; less ; Input ; Info     ; Stuck at GND        ;
+------+-------+----------+---------------------+


+-----------------------------------------------+
; Port Connectivity Checks: "ULA_31bits:ULA_26" ;
+------+-------+----------+---------------------+
; Port ; Type  ; Severity ; Details             ;
+------+-------+----------+---------------------+
; less ; Input ; Info     ; Stuck at GND        ;
+------+-------+----------+---------------------+


+-----------------------------------------------+
; Port Connectivity Checks: "ULA_31bits:ULA_25" ;
+------+-------+----------+---------------------+
; Port ; Type  ; Severity ; Details             ;
+------+-------+----------+---------------------+
; less ; Input ; Info     ; Stuck at GND        ;
+------+-------+----------+---------------------+


+-----------------------------------------------+
; Port Connectivity Checks: "ULA_31bits:ULA_24" ;
+------+-------+----------+---------------------+
; Port ; Type  ; Severity ; Details             ;
+------+-------+----------+---------------------+
; less ; Input ; Info     ; Stuck at GND        ;
+------+-------+----------+---------------------+


+-----------------------------------------------+
; Port Connectivity Checks: "ULA_31bits:ULA_23" ;
+------+-------+----------+---------------------+
; Port ; Type  ; Severity ; Details             ;
+------+-------+----------+---------------------+
; less ; Input ; Info     ; Stuck at GND        ;
+------+-------+----------+---------------------+


+-----------------------------------------------+
; Port Connectivity Checks: "ULA_31bits:ULA_22" ;
+------+-------+----------+---------------------+
; Port ; Type  ; Severity ; Details             ;
+------+-------+----------+---------------------+
; less ; Input ; Info     ; Stuck at GND        ;
+------+-------+----------+---------------------+


+-----------------------------------------------+
; Port Connectivity Checks: "ULA_31bits:ULA_21" ;
+------+-------+----------+---------------------+
; Port ; Type  ; Severity ; Details             ;
+------+-------+----------+---------------------+
; less ; Input ; Info     ; Stuck at GND        ;
+------+-------+----------+---------------------+


+-----------------------------------------------+
; Port Connectivity Checks: "ULA_31bits:ULA_20" ;
+------+-------+----------+---------------------+
; Port ; Type  ; Severity ; Details             ;
+------+-------+----------+---------------------+
; less ; Input ; Info     ; Stuck at GND        ;
+------+-------+----------+---------------------+


+-----------------------------------------------+
; Port Connectivity Checks: "ULA_31bits:ULA_19" ;
+------+-------+----------+---------------------+
; Port ; Type  ; Severity ; Details             ;
+------+-------+----------+---------------------+
; less ; Input ; Info     ; Stuck at GND        ;
+------+-------+----------+---------------------+


+-----------------------------------------------+
; Port Connectivity Checks: "ULA_31bits:ULA_17" ;
+------+-------+----------+---------------------+
; Port ; Type  ; Severity ; Details             ;
+------+-------+----------+---------------------+
; less ; Input ; Info     ; Stuck at GND        ;
+------+-------+----------+---------------------+


+-----------------------------------------------+
; Port Connectivity Checks: "ULA_31bits:ULA_16" ;
+------+-------+----------+---------------------+
; Port ; Type  ; Severity ; Details             ;
+------+-------+----------+---------------------+
; less ; Input ; Info     ; Stuck at GND        ;
+------+-------+----------+---------------------+


+-----------------------------------------------+
; Port Connectivity Checks: "ULA_31bits:ULA_15" ;
+------+-------+----------+---------------------+
; Port ; Type  ; Severity ; Details             ;
+------+-------+----------+---------------------+
; less ; Input ; Info     ; Stuck at GND        ;
+------+-------+----------+---------------------+


+-----------------------------------------------+
; Port Connectivity Checks: "ULA_31bits:ULA_14" ;
+------+-------+----------+---------------------+
; Port ; Type  ; Severity ; Details             ;
+------+-------+----------+---------------------+
; less ; Input ; Info     ; Stuck at GND        ;
+------+-------+----------+---------------------+


+-----------------------------------------------+
; Port Connectivity Checks: "ULA_31bits:ULA_13" ;
+------+-------+----------+---------------------+
; Port ; Type  ; Severity ; Details             ;
+------+-------+----------+---------------------+
; less ; Input ; Info     ; Stuck at GND        ;
+------+-------+----------+---------------------+


+-----------------------------------------------+
; Port Connectivity Checks: "ULA_31bits:ULA_12" ;
+------+-------+----------+---------------------+
; Port ; Type  ; Severity ; Details             ;
+------+-------+----------+---------------------+
; less ; Input ; Info     ; Stuck at GND        ;
+------+-------+----------+---------------------+


+-----------------------------------------------+
; Port Connectivity Checks: "ULA_31bits:ULA_11" ;
+------+-------+----------+---------------------+
; Port ; Type  ; Severity ; Details             ;
+------+-------+----------+---------------------+
; less ; Input ; Info     ; Stuck at GND        ;
+------+-------+----------+---------------------+


+-----------------------------------------------+
; Port Connectivity Checks: "ULA_31bits:ULA_10" ;
+------+-------+----------+---------------------+
; Port ; Type  ; Severity ; Details             ;
+------+-------+----------+---------------------+
; less ; Input ; Info     ; Stuck at GND        ;
+------+-------+----------+---------------------+


+----------------------------------------------+
; Port Connectivity Checks: "ULA_31bits:ULA_8" ;
+------+-------+----------+--------------------+
; Port ; Type  ; Severity ; Details            ;
+------+-------+----------+--------------------+
; less ; Input ; Info     ; Stuck at GND       ;
+------+-------+----------+--------------------+


+----------------------------------------------+
; Port Connectivity Checks: "ULA_31bits:ULA_7" ;
+------+-------+----------+--------------------+
; Port ; Type  ; Severity ; Details            ;
+------+-------+----------+--------------------+
; less ; Input ; Info     ; Stuck at GND       ;
+------+-------+----------+--------------------+


+----------------------------------------------+
; Port Connectivity Checks: "ULA_31bits:ULA_6" ;
+------+-------+----------+--------------------+
; Port ; Type  ; Severity ; Details            ;
+------+-------+----------+--------------------+
; less ; Input ; Info     ; Stuck at GND       ;
+------+-------+----------+--------------------+


+----------------------------------------------+
; Port Connectivity Checks: "ULA_31bits:ULA_5" ;
+------+-------+----------+--------------------+
; Port ; Type  ; Severity ; Details            ;
+------+-------+----------+--------------------+
; less ; Input ; Info     ; Stuck at GND       ;
+------+-------+----------+--------------------+


+----------------------------------------------+
; Port Connectivity Checks: "ULA_31bits:ULA_4" ;
+------+-------+----------+--------------------+
; Port ; Type  ; Severity ; Details            ;
+------+-------+----------+--------------------+
; less ; Input ; Info     ; Stuck at GND       ;
+------+-------+----------+--------------------+


+----------------------------------------------+
; Port Connectivity Checks: "ULA_31bits:ULA_3" ;
+------+-------+----------+--------------------+
; Port ; Type  ; Severity ; Details            ;
+------+-------+----------+--------------------+
; less ; Input ; Info     ; Stuck at GND       ;
+------+-------+----------+--------------------+


+----------------------------------------------+
; Port Connectivity Checks: "ULA_31bits:ULA_2" ;
+------+-------+----------+--------------------+
; Port ; Type  ; Severity ; Details            ;
+------+-------+----------+--------------------+
; less ; Input ; Info     ; Stuck at GND       ;
+------+-------+----------+--------------------+


+----------------------------------------------+
; Port Connectivity Checks: "ULA_31bits:ULA_1" ;
+------+-------+----------+--------------------+
; Port ; Type  ; Severity ; Details            ;
+------+-------+----------+--------------------+
; less ; Input ; Info     ; Stuck at GND       ;
+------+-------+----------+--------------------+


+-----------------------------------------------------+
; Post-Synthesis Netlist Statistics for Top Partition ;
+-----------------------+-----------------------------+
; Type                  ; Count                       ;
+-----------------------+-----------------------------+
; arriav_lcell_comb     ; 116                         ;
;     extend            ; 1                           ;
;         7 data inputs ; 1                           ;
;     normal            ; 115                         ;
;         2 data inputs ; 40                          ;
;         3 data inputs ; 12                          ;
;         4 data inputs ; 10                          ;
;         5 data inputs ; 27                          ;
;         6 data inputs ; 26                          ;
; boundary_port         ; 100                         ;
;                       ;                             ;
; Max LUT depth         ; 15.00                       ;
; Average LUT depth     ; 10.89                       ;
+-----------------------+-----------------------------+


+-------------------------------+
; Elapsed Time Per Partition    ;
+----------------+--------------+
; Partition Name ; Elapsed Time ;
+----------------+--------------+
; Top            ; 00:00:01     ;
+----------------+--------------+


+-------------------------------+
; Analysis & Synthesis Messages ;
+-------------------------------+
Info: *******************************************************************
Info: Running Quartus Prime Analysis & Synthesis
    Info: Version 20.1.0 Build 711 06/05/2020 SJ Lite Edition
    Info: Processing started: Thu Nov  4 15:55:27 2021
Info: Command: quartus_map --read_settings_files=on --write_settings_files=off MIPS_Aula16_ULA -c MIPS_Aula16_ULA
Info (20030): Parallel compilation is enabled and will use 4 of the 4 processors detected
Info (12021): Found 2 design units, including 1 entities, in source file muxGenerico4x1.vhd
    Info (12022): Found design unit 1: muxGenerico4x1-comportamento File: /home/antonio/Desktop/6_semestre/descomp/MIPS/MIPS_Aula16_ULA/muxGenerico4x1.vhd Line: 12
    Info (12023): Found entity 1: muxGenerico4x1 File: /home/antonio/Desktop/6_semestre/descomp/MIPS/MIPS_Aula16_ULA/muxGenerico4x1.vhd Line: 4
Info (12021): Found 2 design units, including 1 entities, in source file muxGenerico2x1.vhd
    Info (12022): Found design unit 1: muxGenerico2x1-comportamento File: /home/antonio/Desktop/6_semestre/descomp/MIPS/MIPS_Aula16_ULA/muxGenerico2x1.vhd Line: 12
    Info (12023): Found entity 1: muxGenerico2x1 File: /home/antonio/Desktop/6_semestre/descomp/MIPS/MIPS_Aula16_ULA/muxGenerico2x1.vhd Line: 4
Info (12021): Found 2 design units, including 1 entities, in source file somadorGenerico.vhd
    Info (12022): Found design unit 1: somadorGenerico-comportamento File: /home/antonio/Desktop/6_semestre/descomp/MIPS/MIPS_Aula16_ULA/somadorGenerico.vhd Line: 15
    Info (12023): Found entity 1: somadorGenerico File: /home/antonio/Desktop/6_semestre/descomp/MIPS/MIPS_Aula16_ULA/somadorGenerico.vhd Line: 5
Info (12021): Found 2 design units, including 1 entities, in source file MIPS_Aula16_ULA.vhd
    Info (12022): Found design unit 1: MIPS_Aula16_ULA-componente File: /home/antonio/Desktop/6_semestre/descomp/MIPS/MIPS_Aula16_ULA/MIPS_Aula16_ULA.vhd Line: 19
    Info (12023): Found entity 1: MIPS_Aula16_ULA File: /home/antonio/Desktop/6_semestre/descomp/MIPS/MIPS_Aula16_ULA/MIPS_Aula16_ULA.vhd Line: 5
Info (12021): Found 2 design units, including 1 entities, in source file ULA_31bits.vhd
    Info (12022): Found design unit 1: ULA_31bits-componente File: /home/antonio/Desktop/6_semestre/descomp/MIPS/MIPS_Aula16_ULA/ULA_31bits.vhd Line: 18
    Info (12023): Found entity 1: ULA_31bits File: /home/antonio/Desktop/6_semestre/descomp/MIPS/MIPS_Aula16_ULA/ULA_31bits.vhd Line: 5
Info (12021): Found 2 design units, including 1 entities, in source file ULA_Overflow.vhd
    Info (12022): Found design unit 1: ULA_Overflow-componente File: /home/antonio/Desktop/6_semestre/descomp/MIPS/MIPS_Aula16_ULA/ULA_Overflow.vhd Line: 20
    Info (12023): Found entity 1: ULA_Overflow File: /home/antonio/Desktop/6_semestre/descomp/MIPS/MIPS_Aula16_ULA/ULA_Overflow.vhd Line: 5
Info (12127): Elaborating entity "MIPS_Aula16_ULA" for the top level hierarchy
Info (12128): Elaborating entity "ULA_31bits" for hierarchy "ULA_31bits:ULA_0" File: /home/antonio/Desktop/6_semestre/descomp/MIPS/MIPS_Aula16_ULA/MIPS_Aula16_ULA.vhd Line: 38
Info (12128): Elaborating entity "muxGenerico2x1" for hierarchy "ULA_31bits:ULA_0|muxGenerico2x1:MUX_entradaB" File: /home/antonio/Desktop/6_semestre/descomp/MIPS/MIPS_Aula16_ULA/ULA_31bits.vhd Line: 29
Info (12128): Elaborating entity "somadorGenerico" for hierarchy "ULA_31bits:ULA_0|somadorGenerico:somadorMux" File: /home/antonio/Desktop/6_semestre/descomp/MIPS/MIPS_Aula16_ULA/ULA_31bits.vhd Line: 37
Info (12128): Elaborating entity "muxGenerico4x1" for hierarchy "ULA_31bits:ULA_0|muxGenerico4x1:MUX_Resultado" File: /home/antonio/Desktop/6_semestre/descomp/MIPS/MIPS_Aula16_ULA/ULA_31bits.vhd Line: 46
Info (12128): Elaborating entity "ULA_Overflow" for hierarchy "ULA_Overflow:ULA_31" File: /home/antonio/Desktop/6_semestre/descomp/MIPS/MIPS_Aula16_ULA/MIPS_Aula16_ULA.vhd Line: 410
Info (286030): Timing-Driven Synthesis is running
Info (16010): Generating hard_block partition "hard_block:auto_generated_inst"
    Info (16011): Adding 0 node(s), including 0 DDIO, 0 PLL, 0 transceiver and 0 LCELL
Info (21057): Implemented 216 device resources after synthesis - the final resource count might be different
    Info (21058): Implemented 67 input pins
    Info (21059): Implemented 33 output pins
    Info (21061): Implemented 116 logic cells
Info: Quartus Prime Analysis & Synthesis was successful. 0 errors, 0 warnings
    Info: Peak virtual memory: 477 megabytes
    Info: Processing ended: Thu Nov  4 15:55:40 2021
    Info: Elapsed time: 00:00:13
    Info: Total CPU time (on all processors): 00:00:31


