Assembler report for MIPS_Intermediaria
Sun Nov 14 18:42:27 2021
Quartus Prime Version 20.1.0 Build 711 06/05/2020 SJ Lite Edition


---------------------
; Table of Contents ;
---------------------
  1. Legal Notice
  2. Assembler Summary
  3. Assembler Settings
  4. Assembler Generated Files
  5. Assembler Device Options: MIPS_Intermediaria.sof
  6. Assembler Messages



----------------
; Legal Notice ;
----------------
Copyright (C) 2020  Intel Corporation. All rights reserved.
Your use of Intel Corporation's design tools, logic functions 
and other software and tools, and any partner logic 
functions, and any output files from any of the foregoing 
(including device programming or simulation files), and any 
associated documentation or information are expressly subject 
to the terms and conditions of the Intel Program License 
Subscription Agreement, the Intel Quartus Prime License Agreement,
the Intel FPGA IP License Agreement, or other applicable license
agreement, including, without limitation, that your use is for
the sole purpose of programming logic devices manufactured by
Intel and sold by Intel or its authorized distributors.  Please
refer to the applicable agreement for further details, at
https://fpgasoftware.intel.com/eula.



+---------------------------------------------------------------+
; Assembler Summary                                             ;
+-----------------------+---------------------------------------+
; Assembler Status      ; Successful - Sun Nov 14 18:42:27 2021 ;
; Revision Name         ; MIPS_Intermediaria                    ;
; Top-level Entity Name ; MIPS_Intermediaria                    ;
; Family                ; Cyclone V                             ;
; Device                ; 5CEBA4F23C7                           ;
+-----------------------+---------------------------------------+


+----------------------------------+
; Assembler Settings               ;
+--------+---------+---------------+
; Option ; Setting ; Default Value ;
+--------+---------+---------------+


+------------------------------------------------------------------------------------------------------+
; Assembler Generated Files                                                                            ;
+------------------------------------------------------------------------------------------------------+
; File Name                                                                                            ;
+------------------------------------------------------------------------------------------------------+
; /home/antonio/Desktop/6_semestre/descomp/MIPS/MIPS_Intermediaria/output_files/MIPS_Intermediaria.sof ;
+------------------------------------------------------------------------------------------------------+


+--------------------------------------------------+
; Assembler Device Options: MIPS_Intermediaria.sof ;
+----------------+---------------------------------+
; Option         ; Setting                         ;
+----------------+---------------------------------+
; JTAG usercode  ; 0x0082CF75                      ;
; Checksum       ; 0x0082CF75                      ;
+----------------+---------------------------------+


+--------------------+
; Assembler Messages ;
+--------------------+
Info: *******************************************************************
Info: Running Quartus Prime Assembler
    Info: Version 20.1.0 Build 711 06/05/2020 SJ Lite Edition
    Info: Processing started: Sun Nov 14 18:42:22 2021
Info: Command: quartus_asm --read_settings_files=off --write_settings_files=off MIPS_Intermediaria -c MIPS_Intermediaria
Info (115030): Assembler is generating device programming files
Info: Quartus Prime Assembler was successful. 0 errors, 0 warnings
    Info: Peak virtual memory: 499 megabytes
    Info: Processing ended: Sun Nov 14 18:42:27 2021
    Info: Elapsed time: 00:00:05
    Info: Total CPU time (on all processors): 00:00:04


