Analysis & Synthesis report for Aula_4
Thu Sep  2 23:59:35 2021
Quartus Prime Version 20.1.0 Build 711 06/05/2020 SJ Lite Edition


---------------------
; Table of Contents ;
---------------------
  1. Legal Notice
  2. Analysis & Synthesis Summary
  3. Analysis & Synthesis Settings
  4. Parallel Compilation
  5. Analysis & Synthesis Source Files Read
  6. Analysis & Synthesis Resource Usage Summary
  7. Analysis & Synthesis Resource Utilization by Entity
  8. General Register Statistics
  9. Parameter Settings for User Entity Instance: Top-level Entity: |Aula_4
 10. Parameter Settings for User Entity Instance: muxGenerico2x1:MUX1
 11. Parameter Settings for User Entity Instance: registradorGenerico:REG1
 12. Parameter Settings for User Entity Instance: registradorGenerico:PC
 13. Parameter Settings for User Entity Instance: somaConstante:somaUm
 14. Parameter Settings for User Entity Instance: ULASomaSub:ULA1
 15. Parameter Settings for User Entity Instance: memoriaROM:ROM1
 16. Parameter Settings for User Entity Instance: memoriaRAM:memoriaDados
 17. Port Connectivity Checks: "registradorGenerico:PC"
 18. Post-Synthesis Netlist Statistics for Top Partition
 19. Elapsed Time Per Partition
 20. Analysis & Synthesis Messages



----------------
; Legal Notice ;
----------------
Copyright (C) 2020  Intel Corporation. All rights reserved.
Your use of Intel Corporation's design tools, logic functions 
and other software and tools, and any partner logic 
functions, and any output files from any of the foregoing 
(including device programming or simulation files), and any 
associated documentation or information are expressly subject 
to the terms and conditions of the Intel Program License 
Subscription Agreement, the Intel Quartus Prime License Agreement,
the Intel FPGA IP License Agreement, or other applicable license
agreement, including, without limitation, that your use is for
the sole purpose of programming logic devices manufactured by
Intel and sold by Intel or its authorized distributors.  Please
refer to the applicable agreement for further details, at
https://fpgasoftware.intel.com/eula.



+-------------------------------------------------------------------------------+
; Analysis & Synthesis Summary                                                  ;
+---------------------------------+---------------------------------------------+
; Analysis & Synthesis Status     ; Successful - Thu Sep  2 23:59:34 2021       ;
; Quartus Prime Version           ; 20.1.0 Build 711 06/05/2020 SJ Lite Edition ;
; Revision Name                   ; Aula_4                                      ;
; Top-level Entity Name           ; Aula_4                                      ;
; Family                          ; Cyclone V                                   ;
; Logic utilization (in ALMs)     ; N/A                                         ;
; Total registers                 ; 81                                          ;
; Total pins                      ; 27                                          ;
; Total virtual pins              ; 0                                           ;
; Total block memory bits         ; 0                                           ;
; Total DSP Blocks                ; 0                                           ;
; Total HSSI RX PCSs              ; 0                                           ;
; Total HSSI PMA RX Deserializers ; 0                                           ;
; Total HSSI TX PCSs              ; 0                                           ;
; Total HSSI PMA TX Serializers   ; 0                                           ;
; Total PLLs                      ; 0                                           ;
; Total DLLs                      ; 0                                           ;
+---------------------------------+---------------------------------------------+


+---------------------------------------------------------------------------------------------------------------------------+
; Analysis & Synthesis Settings                                                                                             ;
+---------------------------------------------------------------------------------+--------------------+--------------------+
; Option                                                                          ; Setting            ; Default Value      ;
+---------------------------------------------------------------------------------+--------------------+--------------------+
; Device                                                                          ; 5CEBA4F23C7        ;                    ;
; Top-level entity name                                                           ; Aula_4             ; Aula_4             ;
; Family name                                                                     ; Cyclone V          ; Cyclone V          ;
; Maximum processors allowed for parallel compilation                             ; All                ;                    ;
; VHDL Show LMF Mapping Messages                                                  ; Off                ;                    ;
; VHDL Version                                                                    ; VHDL_2008          ; VHDL_1993          ;
; Use smart compilation                                                           ; Off                ; Off                ;
; Enable parallel Assembler and Timing Analyzer during compilation                ; On                 ; On                 ;
; Enable compact report table                                                     ; Off                ; Off                ;
; Restructure Multiplexers                                                        ; Auto               ; Auto               ;
; MLAB Add Timing Constraints For Mixed-Port Feed-Through Mode Setting Don't Care ; Off                ; Off                ;
; Create Debugging Nodes for IP Cores                                             ; Off                ; Off                ;
; Preserve fewer node names                                                       ; On                 ; On                 ;
; Intel FPGA IP Evaluation Mode                                                   ; Enable             ; Enable             ;
; Verilog Version                                                                 ; Verilog_2001       ; Verilog_2001       ;
; State Machine Processing                                                        ; Auto               ; Auto               ;
; Safe State Machine                                                              ; Off                ; Off                ;
; Extract Verilog State Machines                                                  ; On                 ; On                 ;
; Extract VHDL State Machines                                                     ; On                 ; On                 ;
; Ignore Verilog initial constructs                                               ; Off                ; Off                ;
; Iteration limit for constant Verilog loops                                      ; 5000               ; 5000               ;
; Iteration limit for non-constant Verilog loops                                  ; 250                ; 250                ;
; Add Pass-Through Logic to Inferred RAMs                                         ; On                 ; On                 ;
; Infer RAMs from Raw Logic                                                       ; On                 ; On                 ;
; Parallel Synthesis                                                              ; On                 ; On                 ;
; DSP Block Balancing                                                             ; Auto               ; Auto               ;
; NOT Gate Push-Back                                                              ; On                 ; On                 ;
; Power-Up Don't Care                                                             ; On                 ; On                 ;
; Remove Redundant Logic Cells                                                    ; Off                ; Off                ;
; Remove Duplicate Registers                                                      ; On                 ; On                 ;
; Ignore CARRY Buffers                                                            ; Off                ; Off                ;
; Ignore CASCADE Buffers                                                          ; Off                ; Off                ;
; Ignore GLOBAL Buffers                                                           ; Off                ; Off                ;
; Ignore ROW GLOBAL Buffers                                                       ; Off                ; Off                ;
; Ignore LCELL Buffers                                                            ; Off                ; Off                ;
; Ignore SOFT Buffers                                                             ; On                 ; On                 ;
; Limit AHDL Integers to 32 Bits                                                  ; Off                ; Off                ;
; Optimization Technique                                                          ; Balanced           ; Balanced           ;
; Carry Chain Length                                                              ; 70                 ; 70                 ;
; Auto Carry Chains                                                               ; On                 ; On                 ;
; Auto Open-Drain Pins                                                            ; On                 ; On                 ;
; Perform WYSIWYG Primitive Resynthesis                                           ; Off                ; Off                ;
; Auto ROM Replacement                                                            ; On                 ; On                 ;
; Auto RAM Replacement                                                            ; On                 ; On                 ;
; Auto DSP Block Replacement                                                      ; On                 ; On                 ;
; Auto Shift Register Replacement                                                 ; Auto               ; Auto               ;
; Allow Shift Register Merging across Hierarchies                                 ; Auto               ; Auto               ;
; Auto Clock Enable Replacement                                                   ; On                 ; On                 ;
; Strict RAM Replacement                                                          ; Off                ; Off                ;
; Allow Synchronous Control Signals                                               ; On                 ; On                 ;
; Force Use of Synchronous Clear Signals                                          ; Off                ; Off                ;
; Auto Resource Sharing                                                           ; Off                ; Off                ;
; Allow Any RAM Size For Recognition                                              ; Off                ; Off                ;
; Allow Any ROM Size For Recognition                                              ; Off                ; Off                ;
; Allow Any Shift Register Size For Recognition                                   ; Off                ; Off                ;
; Use LogicLock Constraints during Resource Balancing                             ; On                 ; On                 ;
; Ignore translate_off and synthesis_off directives                               ; Off                ; Off                ;
; Timing-Driven Synthesis                                                         ; On                 ; On                 ;
; Report Parameter Settings                                                       ; On                 ; On                 ;
; Report Source Assignments                                                       ; On                 ; On                 ;
; Report Connectivity Checks                                                      ; On                 ; On                 ;
; Ignore Maximum Fan-Out Assignments                                              ; Off                ; Off                ;
; Synchronization Register Chain Length                                           ; 3                  ; 3                  ;
; Power Optimization During Synthesis                                             ; Normal compilation ; Normal compilation ;
; HDL message level                                                               ; Level2             ; Level2             ;
; Suppress Register Optimization Related Messages                                 ; Off                ; Off                ;
; Number of Removed Registers Reported in Synthesis Report                        ; 5000               ; 5000               ;
; Number of Swept Nodes Reported in Synthesis Report                              ; 5000               ; 5000               ;
; Number of Inverted Registers Reported in Synthesis Report                       ; 100                ; 100                ;
; Clock MUX Protection                                                            ; On                 ; On                 ;
; Auto Gated Clock Conversion                                                     ; Off                ; Off                ;
; Block Design Naming                                                             ; Auto               ; Auto               ;
; SDC constraint protection                                                       ; Off                ; Off                ;
; Synthesis Effort                                                                ; Auto               ; Auto               ;
; Shift Register Replacement - Allow Asynchronous Clear Signal                    ; On                 ; On                 ;
; Pre-Mapping Resynthesis Optimization                                            ; Off                ; Off                ;
; Analysis & Synthesis Message Level                                              ; Medium             ; Medium             ;
; Disable Register Merging Across Hierarchies                                     ; Auto               ; Auto               ;
; Resource Aware Inference For Block RAM                                          ; On                 ; On                 ;
; Automatic Parallel Synthesis                                                    ; On                 ; On                 ;
; Partial Reconfiguration Bitstream ID                                            ; Off                ; Off                ;
+---------------------------------------------------------------------------------+--------------------+--------------------+


+------------------------------------------+
; Parallel Compilation                     ;
+----------------------------+-------------+
; Processors                 ; Number      ;
+----------------------------+-------------+
; Number detected on machine ; 8           ;
; Maximum allowed            ; 4           ;
;                            ;             ;
; Average used               ; 1.00        ;
; Maximum used               ; 4           ;
;                            ;             ;
; Usage by Processor         ; % Time Used ;
;     Processor 1            ; 100.0%      ;
;     Processor 2            ;   0.0%      ;
;     Processors 3-4         ;   0.0%      ;
+----------------------------+-------------+


+----------------------------------------------------------------------------------------------------------------------------------------------------+
; Analysis & Synthesis Source Files Read                                                                                                             ;
+----------------------------------+-----------------+-----------------------+-------------------------------------------------------------+---------+
; File Name with User-Entered Path ; Used in Netlist ; File Type             ; File Name with Absolute Path                                ; Library ;
+----------------------------------+-----------------+-----------------------+-------------------------------------------------------------+---------+
; Decoder.vhd                      ; yes             ; User VHDL File        ; /home/antonio/Desktop/descomp/aula4/Decoder.vhd             ;         ;
; muxGenerico2x1.vhd               ; yes             ; User VHDL File        ; /home/antonio/Desktop/descomp/aula4/muxGenerico2x1.vhd      ;         ;
; registradorGenerico.vhd          ; yes             ; User VHDL File        ; /home/antonio/Desktop/descomp/aula4/registradorGenerico.vhd ;         ;
; ROM.vhd                          ; yes             ; User VHDL File        ; /home/antonio/Desktop/descomp/aula4/ROM.vhd                 ;         ;
; ULASomaSub.vhd                   ; yes             ; User VHDL File        ; /home/antonio/Desktop/descomp/aula4/ULASomaSub.vhd          ;         ;
; somaConstante.vhd                ; yes             ; User VHDL File        ; /home/antonio/Desktop/descomp/aula4/somaConstante.vhd       ;         ;
; memoriaDados.vhd                 ; yes             ; User VHDL File        ; /home/antonio/Desktop/descomp/aula4/memoriaDados.vhd        ;         ;
; Aula_4.vhd                       ; yes             ; Auto-Found VHDL File  ; /home/antonio/Desktop/descomp/aula4/Aula_4.vhd              ;         ;
+----------------------------------+-----------------+-----------------------+-------------------------------------------------------------+---------+


+------------------------------------------------------------+
; Analysis & Synthesis Resource Usage Summary                ;
+---------------------------------------------+--------------+
; Resource                                    ; Usage        ;
+---------------------------------------------+--------------+
; Estimate of Logic utilization (ALMs needed) ; 63           ;
;                                             ;              ;
; Combinational ALUT usage for logic          ; 63           ;
;     -- 7 input functions                    ; 16           ;
;     -- 6 input functions                    ; 1            ;
;     -- 5 input functions                    ; 6            ;
;     -- 4 input functions                    ; 22           ;
;     -- <=3 input functions                  ; 18           ;
;                                             ;              ;
; Dedicated logic registers                   ; 81           ;
;                                             ;              ;
; I/O pins                                    ; 27           ;
;                                             ;              ;
; Total DSP Blocks                            ; 0            ;
;                                             ;              ;
; Maximum fan-out node                        ; KEY[0]~input ;
; Maximum fan-out                             ; 81           ;
; Total fan-out                               ; 578          ;
; Average fan-out                             ; 2.92         ;
+---------------------------------------------+--------------+


+----------------------------------------------------------------------------------------------------------------------------------------------------------------------------------------------------------------+
; Analysis & Synthesis Resource Utilization by Entity                                                                                                                                                            ;
+-------------------------------+---------------------+---------------------------+-------------------+------------+------+--------------+----------------------------------+---------------------+--------------+
; Compilation Hierarchy Node    ; Combinational ALUTs ; Dedicated Logic Registers ; Block Memory Bits ; DSP Blocks ; Pins ; Virtual Pins ; Full Hierarchy Name              ; Entity Name         ; Library Name ;
+-------------------------------+---------------------+---------------------------+-------------------+------------+------+--------------+----------------------------------+---------------------+--------------+
; |Aula_4                       ; 63 (0)              ; 81 (0)                    ; 0                 ; 0          ; 27   ; 0            ; |Aula_4                          ; Aula_4              ; work         ;
;    |Decoder:Decoder|          ; 4 (4)               ; 0 (0)                     ; 0                 ; 0          ; 0    ; 0            ; |Aula_4|Decoder:Decoder          ; Decoder             ; work         ;
;    |ULASomaSub:ULA1|          ; 9 (9)               ; 0 (0)                     ; 0                 ; 0          ; 0    ; 0            ; |Aula_4|ULASomaSub:ULA1          ; ULASomaSub          ; work         ;
;    |memoriaRAM:memoriaDados|  ; 25 (25)             ; 64 (64)                   ; 0                 ; 0          ; 0    ; 0            ; |Aula_4|memoriaRAM:memoriaDados  ; memoriaRAM          ; work         ;
;    |memoriaROM:ROM1|          ; 8 (8)               ; 0 (0)                     ; 0                 ; 0          ; 0    ; 0            ; |Aula_4|memoriaROM:ROM1          ; memoriaROM          ; work         ;
;    |muxGenerico2x1:MUX1|      ; 8 (8)               ; 0 (0)                     ; 0                 ; 0          ; 0    ; 0            ; |Aula_4|muxGenerico2x1:MUX1      ; muxGenerico2x1      ; work         ;
;    |registradorGenerico:PC|   ; 1 (1)               ; 9 (9)                     ; 0                 ; 0          ; 0    ; 0            ; |Aula_4|registradorGenerico:PC   ; registradorGenerico ; work         ;
;    |registradorGenerico:REG1| ; 0 (0)               ; 8 (8)                     ; 0                 ; 0          ; 0    ; 0            ; |Aula_4|registradorGenerico:REG1 ; registradorGenerico ; work         ;
;    |somaConstante:somaUm|     ; 8 (8)               ; 0 (0)                     ; 0                 ; 0          ; 0    ; 0            ; |Aula_4|somaConstante:somaUm     ; somaConstante       ; work         ;
+-------------------------------+---------------------+---------------------------+-------------------+------------+------+--------------+----------------------------------+---------------------+--------------+
Note: For table entries with two numbers listed, the numbers in parentheses indicate the number of resources of the given type used by the specific entity alone. The numbers listed outside of parentheses indicate the total resources of the given type used by the specific entity and all of its sub-entities in the hierarchy.


+------------------------------------------------------+
; General Register Statistics                          ;
+----------------------------------------------+-------+
; Statistic                                    ; Value ;
+----------------------------------------------+-------+
; Total registers                              ; 81    ;
; Number of registers using Synchronous Clear  ; 0     ;
; Number of registers using Synchronous Load   ; 8     ;
; Number of registers using Asynchronous Clear ; 0     ;
; Number of registers using Asynchronous Load  ; 0     ;
; Number of registers using Clock Enable       ; 72    ;
; Number of registers using Preset             ; 0     ;
+----------------------------------------------+-------+


+------------------------------------------------------------------------+
; Parameter Settings for User Entity Instance: Top-level Entity: |Aula_4 ;
+-----------------+-------+----------------------------------------------+
; Parameter Name  ; Value ; Type                                         ;
+-----------------+-------+----------------------------------------------+
; larguraDados    ; 8     ; Signed Integer                               ;
; larguraAddrROM  ; 9     ; Signed Integer                               ;
; larguraPC_ROM   ; 9     ; Signed Integer                               ;
; larguraDadosROM ; 13    ; Signed Integer                               ;
; larguraDadosRAM ; 8     ; Signed Integer                               ;
; larguraAddrRAM  ; 8     ; Signed Integer                               ;
; simulacao       ; true  ; Enumerated                                   ;
+-----------------+-------+----------------------------------------------+
Note: In order to hide this table in the UI and the text report file, please set the "Show Parameter Settings in Synthesis Report" option in "Analysis and Synthesis Settings -> More Settings" to "Off".


+------------------------------------------------------------------+
; Parameter Settings for User Entity Instance: muxGenerico2x1:MUX1 ;
+----------------+-------+-----------------------------------------+
; Parameter Name ; Value ; Type                                    ;
+----------------+-------+-----------------------------------------+
; larguradados   ; 8     ; Signed Integer                          ;
+----------------+-------+-----------------------------------------+
Note: In order to hide this table in the UI and the text report file, please set the "Show Parameter Settings in Synthesis Report" option in "Analysis and Synthesis Settings -> More Settings" to "Off".


+-----------------------------------------------------------------------+
; Parameter Settings for User Entity Instance: registradorGenerico:REG1 ;
+----------------+-------+----------------------------------------------+
; Parameter Name ; Value ; Type                                         ;
+----------------+-------+----------------------------------------------+
; larguradados   ; 8     ; Signed Integer                               ;
+----------------+-------+----------------------------------------------+
Note: In order to hide this table in the UI and the text report file, please set the "Show Parameter Settings in Synthesis Report" option in "Analysis and Synthesis Settings -> More Settings" to "Off".


+---------------------------------------------------------------------+
; Parameter Settings for User Entity Instance: registradorGenerico:PC ;
+----------------+-------+--------------------------------------------+
; Parameter Name ; Value ; Type                                       ;
+----------------+-------+--------------------------------------------+
; larguradados   ; 9     ; Signed Integer                             ;
+----------------+-------+--------------------------------------------+
Note: In order to hide this table in the UI and the text report file, please set the "Show Parameter Settings in Synthesis Report" option in "Analysis and Synthesis Settings -> More Settings" to "Off".


+-------------------------------------------------------------------+
; Parameter Settings for User Entity Instance: somaConstante:somaUm ;
+----------------+-------+------------------------------------------+
; Parameter Name ; Value ; Type                                     ;
+----------------+-------+------------------------------------------+
; larguradados   ; 9     ; Signed Integer                           ;
; constante      ; 1     ; Signed Integer                           ;
+----------------+-------+------------------------------------------+
Note: In order to hide this table in the UI and the text report file, please set the "Show Parameter Settings in Synthesis Report" option in "Analysis and Synthesis Settings -> More Settings" to "Off".


+--------------------------------------------------------------+
; Parameter Settings for User Entity Instance: ULASomaSub:ULA1 ;
+----------------+-------+-------------------------------------+
; Parameter Name ; Value ; Type                                ;
+----------------+-------+-------------------------------------+
; larguradados   ; 8     ; Signed Integer                      ;
+----------------+-------+-------------------------------------+
Note: In order to hide this table in the UI and the text report file, please set the "Show Parameter Settings in Synthesis Report" option in "Analysis and Synthesis Settings -> More Settings" to "Off".


+--------------------------------------------------------------+
; Parameter Settings for User Entity Instance: memoriaROM:ROM1 ;
+----------------+-------+-------------------------------------+
; Parameter Name ; Value ; Type                                ;
+----------------+-------+-------------------------------------+
; datawidth      ; 13    ; Signed Integer                      ;
; addrwidth      ; 9     ; Signed Integer                      ;
+----------------+-------+-------------------------------------+
Note: In order to hide this table in the UI and the text report file, please set the "Show Parameter Settings in Synthesis Report" option in "Analysis and Synthesis Settings -> More Settings" to "Off".


+----------------------------------------------------------------------+
; Parameter Settings for User Entity Instance: memoriaRAM:memoriaDados ;
+----------------+-------+---------------------------------------------+
; Parameter Name ; Value ; Type                                        ;
+----------------+-------+---------------------------------------------+
; datawidth      ; 8     ; Signed Integer                              ;
; addrwidth      ; 8     ; Signed Integer                              ;
+----------------+-------+---------------------------------------------+
Note: In order to hide this table in the UI and the text report file, please set the "Show Parameter Settings in Synthesis Report" option in "Analysis and Synthesis Settings -> More Settings" to "Off".


+----------------------------------------------------+
; Port Connectivity Checks: "registradorGenerico:PC" ;
+--------+-------+----------+------------------------+
; Port   ; Type  ; Severity ; Details                ;
+--------+-------+----------+------------------------+
; enable ; Input ; Info     ; Stuck at VCC           ;
; rst    ; Input ; Info     ; Stuck at GND           ;
+--------+-------+----------+------------------------+


+-----------------------------------------------------+
; Post-Synthesis Netlist Statistics for Top Partition ;
+-----------------------+-----------------------------+
; Type                  ; Count                       ;
+-----------------------+-----------------------------+
; arriav_ff             ; 81                          ;
;     ENA               ; 64                          ;
;     ENA SLD           ; 8                           ;
;     plain             ; 9                           ;
; arriav_lcell_comb     ; 64                          ;
;     arith             ; 17                          ;
;         1 data inputs ; 8                           ;
;         2 data inputs ; 1                           ;
;         4 data inputs ; 5                           ;
;         5 data inputs ; 3                           ;
;     extend            ; 16                          ;
;         7 data inputs ; 16                          ;
;     normal            ; 31                          ;
;         0 data inputs ; 1                           ;
;         1 data inputs ; 1                           ;
;         2 data inputs ; 5                           ;
;         3 data inputs ; 3                           ;
;         4 data inputs ; 17                          ;
;         5 data inputs ; 3                           ;
;         6 data inputs ; 1                           ;
; boundary_port         ; 27                          ;
;                       ;                             ;
; Max LUT depth         ; 5.70                        ;
; Average LUT depth     ; 3.49                        ;
+-----------------------+-----------------------------+


+-------------------------------+
; Elapsed Time Per Partition    ;
+----------------+--------------+
; Partition Name ; Elapsed Time ;
+----------------+--------------+
; Top            ; 00:00:01     ;
+----------------+--------------+


+-------------------------------+
; Analysis & Synthesis Messages ;
+-------------------------------+
Info: *******************************************************************
Info: Running Quartus Prime Analysis & Synthesis
    Info: Version 20.1.0 Build 711 06/05/2020 SJ Lite Edition
    Info: Processing started: Thu Sep  2 23:59:21 2021
Info: Command: quartus_map --read_settings_files=on --write_settings_files=off Aula_4 -c Aula_4
Info (20030): Parallel compilation is enabled and will use 4 of the 4 processors detected
Warning (12019): Can't analyze file -- file Aula4.vhd is missing
Info (12021): Found 2 design units, including 1 entities, in source file Decoder.vhd
    Info (12022): Found design unit 1: Decoder-arch_name File: /home/antonio/Desktop/descomp/aula4/Decoder.vhd Line: 15
    Info (12023): Found entity 1: Decoder File: /home/antonio/Desktop/descomp/aula4/Decoder.vhd Line: 5
Info (12021): Found 3 design units, including 1 entities, in source file edgeDetector.vhd
    Info (12022): Found design unit 1: edgeDetector-bordaSubida File: /home/antonio/Desktop/descomp/aula4/edgeDetector.vhd Line: 10
    Info (12022): Found design unit 2: edgeDetector-bordaDescida File: /home/antonio/Desktop/descomp/aula4/edgeDetector.vhd Line: 23
    Info (12023): Found entity 1: edgeDetector File: /home/antonio/Desktop/descomp/aula4/edgeDetector.vhd Line: 4
Info (12021): Found 2 design units, including 1 entities, in source file muxGenerico2x1.vhd
    Info (12022): Found design unit 1: muxGenerico2x1-comportamento File: /home/antonio/Desktop/descomp/aula4/muxGenerico2x1.vhd Line: 14
    Info (12023): Found entity 1: muxGenerico2x1 File: /home/antonio/Desktop/descomp/aula4/muxGenerico2x1.vhd Line: 4
Info (12021): Found 2 design units, including 1 entities, in source file registradorGenerico.vhd
    Info (12022): Found design unit 1: registradorGenerico-comportamento File: /home/antonio/Desktop/descomp/aula4/registradorGenerico.vhd Line: 15
    Info (12023): Found entity 1: registradorGenerico File: /home/antonio/Desktop/descomp/aula4/registradorGenerico.vhd Line: 4
Info (12021): Found 2 design units, including 1 entities, in source file ROM.vhd
    Info (12022): Found design unit 1: memoriaROM-assincrona File: /home/antonio/Desktop/descomp/aula4/ROM.vhd Line: 16
    Info (12023): Found entity 1: memoriaROM File: /home/antonio/Desktop/descomp/aula4/ROM.vhd Line: 5
Info (12021): Found 2 design units, including 1 entities, in source file ULASomaSub.vhd
    Info (12022): Found design unit 1: ULASomaSub-comportamento File: /home/antonio/Desktop/descomp/aula4/ULASomaSub.vhd Line: 14
    Info (12023): Found entity 1: ULASomaSub File: /home/antonio/Desktop/descomp/aula4/ULASomaSub.vhd Line: 5
Info (12021): Found 2 design units, including 1 entities, in source file somaConstante.vhd
    Info (12022): Found design unit 1: somaConstante-comportamento File: /home/antonio/Desktop/descomp/aula4/somaConstante.vhd Line: 18
    Info (12023): Found entity 1: somaConstante File: /home/antonio/Desktop/descomp/aula4/somaConstante.vhd Line: 5
Info (12021): Found 2 design units, including 1 entities, in source file memoriaDados.vhd
    Info (12022): Found design unit 1: memoriaRAM-rtl File: /home/antonio/Desktop/descomp/aula4/memoriaDados.vhd Line: 21
    Info (12023): Found entity 1: memoriaRAM File: /home/antonio/Desktop/descomp/aula4/memoriaDados.vhd Line: 5
Warning (12125): Using design file Aula_4.vhd, which is not specified as a design file for the current project, but contains definitions for 2 design units and 1 entities in project
    Info (12022): Found design unit 1: Aula_4-arquitetura File: /home/antonio/Desktop/descomp/aula4/Aula_4.vhd Line: 27
    Info (12023): Found entity 1: Aula_4 File: /home/antonio/Desktop/descomp/aula4/Aula_4.vhd Line: 4
Info (12127): Elaborating entity "Aula_4" for the top level hierarchy
Warning (10541): VHDL Signal Declaration warning at Aula_4.vhd(39): used implicit default value for signal "Reset_A" because signal was never assigned a value or an explicit default value. Use of implicit default value may introduce unintended design optimizations. File: /home/antonio/Desktop/descomp/aula4/Aula_4.vhd Line: 39
Warning (10873): Using initial value X (don't care) for net "LEDR[9..8]" at Aula_4.vhd(18) File: /home/antonio/Desktop/descomp/aula4/Aula_4.vhd Line: 18
Info (12128): Elaborating entity "muxGenerico2x1" for hierarchy "muxGenerico2x1:MUX1" File: /home/antonio/Desktop/descomp/aula4/Aula_4.vhd Line: 57
Info (12128): Elaborating entity "registradorGenerico" for hierarchy "registradorGenerico:REG1" File: /home/antonio/Desktop/descomp/aula4/Aula_4.vhd Line: 64
Info (12128): Elaborating entity "registradorGenerico" for hierarchy "registradorGenerico:PC" File: /home/antonio/Desktop/descomp/aula4/Aula_4.vhd Line: 68
Info (12128): Elaborating entity "somaConstante" for hierarchy "somaConstante:somaUm" File: /home/antonio/Desktop/descomp/aula4/Aula_4.vhd Line: 71
Info (12128): Elaborating entity "ULASomaSub" for hierarchy "ULASomaSub:ULA1" File: /home/antonio/Desktop/descomp/aula4/Aula_4.vhd Line: 75
Info (12128): Elaborating entity "memoriaROM" for hierarchy "memoriaROM:ROM1" File: /home/antonio/Desktop/descomp/aula4/Aula_4.vhd Line: 79
Info (12128): Elaborating entity "Decoder" for hierarchy "Decoder:Decoder" File: /home/antonio/Desktop/descomp/aula4/Aula_4.vhd Line: 82
Info (12128): Elaborating entity "memoriaRAM" for hierarchy "memoriaRAM:memoriaDados" File: /home/antonio/Desktop/descomp/aula4/Aula_4.vhd Line: 85
Info (276014): Found 1 instances of uninferred RAM logic
    Info (276007): RAM logic "memoriaRAM:memoriaDados|ram" is uninferred due to asynchronous read logic File: /home/antonio/Desktop/descomp/aula4/memoriaDados.vhd Line: 27
Warning (13046): Tri-state node(s) do not directly drive top-level pin(s)
    Warning (13049): Converted tri-state buffer "memoriaRAM:memoriaDados|dado_out[0]" feeding internal logic into a wire File: /home/antonio/Desktop/descomp/aula4/memoriaDados.vhd Line: 17
    Warning (13049): Converted tri-state buffer "memoriaRAM:memoriaDados|dado_out[1]" feeding internal logic into a wire File: /home/antonio/Desktop/descomp/aula4/memoriaDados.vhd Line: 17
    Warning (13049): Converted tri-state buffer "memoriaRAM:memoriaDados|dado_out[2]" feeding internal logic into a wire File: /home/antonio/Desktop/descomp/aula4/memoriaDados.vhd Line: 17
    Warning (13049): Converted tri-state buffer "memoriaRAM:memoriaDados|dado_out[3]" feeding internal logic into a wire File: /home/antonio/Desktop/descomp/aula4/memoriaDados.vhd Line: 17
    Warning (13049): Converted tri-state buffer "memoriaRAM:memoriaDados|dado_out[4]" feeding internal logic into a wire File: /home/antonio/Desktop/descomp/aula4/memoriaDados.vhd Line: 17
    Warning (13049): Converted tri-state buffer "memoriaRAM:memoriaDados|dado_out[5]" feeding internal logic into a wire File: /home/antonio/Desktop/descomp/aula4/memoriaDados.vhd Line: 17
    Warning (13049): Converted tri-state buffer "memoriaRAM:memoriaDados|dado_out[6]" feeding internal logic into a wire File: /home/antonio/Desktop/descomp/aula4/memoriaDados.vhd Line: 17
    Warning (13049): Converted tri-state buffer "memoriaRAM:memoriaDados|dado_out[7]" feeding internal logic into a wire File: /home/antonio/Desktop/descomp/aula4/memoriaDados.vhd Line: 17
Warning (13024): Output pins are stuck at VCC or GND
    Warning (13410): Pin "LEDR[8]" is stuck at GND File: /home/antonio/Desktop/descomp/aula4/Aula_4.vhd Line: 18
    Warning (13410): Pin "LEDR[9]" is stuck at GND File: /home/antonio/Desktop/descomp/aula4/Aula_4.vhd Line: 18
Info (286030): Timing-Driven Synthesis is running
Info (16010): Generating hard_block partition "hard_block:auto_generated_inst"
    Info (16011): Adding 0 node(s), including 0 DDIO, 0 PLL, 0 transceiver and 0 LCELL
Warning (21074): Design contains 4 input pin(s) that do not drive logic
    Warning (15610): No output dependent on input pin "CLOCK_50" File: /home/antonio/Desktop/descomp/aula4/Aula_4.vhd Line: 16
    Warning (15610): No output dependent on input pin "KEY[1]" File: /home/antonio/Desktop/descomp/aula4/Aula_4.vhd Line: 17
    Warning (15610): No output dependent on input pin "KEY[2]" File: /home/antonio/Desktop/descomp/aula4/Aula_4.vhd Line: 17
    Warning (15610): No output dependent on input pin "KEY[3]" File: /home/antonio/Desktop/descomp/aula4/Aula_4.vhd Line: 17
Info (21057): Implemented 154 device resources after synthesis - the final resource count might be different
    Info (21058): Implemented 5 input pins
    Info (21059): Implemented 22 output pins
    Info (21061): Implemented 127 logic cells
Info: Quartus Prime Analysis & Synthesis was successful. 0 errors, 21 warnings
    Info: Peak virtual memory: 498 megabytes
    Info: Processing ended: Thu Sep  2 23:59:35 2021
    Info: Elapsed time: 00:00:14
    Info: Total CPU time (on all processors): 00:00:31


